TN:
SF:src/background/badge-manager.ts
FN:11,(anonymous_0)
FN:15,(anonymous_1)
FN:26,(anonymous_2)
FN:30,(anonymous_3)
FN:32,(anonymous_4)
FN:62,(anonymous_5)
FN:68,(anonymous_6)
FNF:7
FNH:5
FNDA:4,(anonymous_0)
FNDA:4,(anonymous_1)
FNDA:4,(anonymous_2)
FNDA:6,(anonymous_3)
FNDA:6,(anonymous_4)
FNDA:0,(anonymous_5)
FNDA:0,(anonymous_6)
DA:1,1
DA:2,1
DA:7,1
DA:12,4
DA:16,4
DA:17,4
DA:18,4
DA:20,4
DA:27,4
DA:28,4
DA:29,4
DA:30,6
DA:32,6
DA:34,4
DA:36,4
DA:37,2
DA:40,2
DA:41,1
DA:43,1
DA:47,2
DA:48,1
DA:49,1
DA:51,1
DA:55,0
DA:68,0
DA:69,0
DA:70,0
DA:75,0
LF:28
LH:23
BRDA:16,0,0,4
BRDA:16,0,1,0
BRDA:17,1,0,4
BRDA:17,1,1,0
BRDA:30,2,0,6
BRDA:30,2,1,4
BRDA:36,3,0,2
BRDA:36,3,1,2
BRDA:40,4,0,1
BRDA:40,4,1,1
BRDA:47,5,0,1
BRDA:47,5,1,1
BRDA:69,6,0,0
BRDA:69,6,1,0
BRDA:69,7,0,0
BRDA:69,7,1,0
BRF:16
BRH:10
end_of_record
TN:
SF:src/background/context-menu-handler.ts
FN:22,registerContextMenus
FN:26,(anonymous_1)
FN:32,(anonymous_2)
FN:45,(anonymous_3)
FN:58,(anonymous_4)
FN:72,handleContextMenuClick
FN:113,handleSelectionCapture
FN:143,handleArticleCapture
FN:160,handleBookmarkCapture
FNF:9
FNH:0
FNDA:0,registerContextMenus
FNDA:0,(anonymous_1)
FNDA:0,(anonymous_2)
FNDA:0,(anonymous_3)
FNDA:0,(anonymous_4)
FNDA:0,handleContextMenuClick
FNDA:0,handleSelectionCapture
FNDA:0,handleArticleCapture
FNDA:0,handleBookmarkCapture
DA:12,0
DA:22,0
DA:23,0
DA:26,0
DA:28,0
DA:33,0
DA:34,0
DA:36,0
DA:41,0
DA:46,0
DA:47,0
DA:49,0
DA:54,0
DA:59,0
DA:60,0
DA:62,0
DA:72,0
DA:76,0
DA:78,0
DA:79,0
DA:80,0
DA:83,0
DA:84,0
DA:86,0
DA:87,0
DA:89,0
DA:90,0
DA:92,0
DA:93,0
DA:95,0
DA:98,0
DA:100,0
DA:117,0
DA:119,0
DA:120,0
DA:121,0
DA:122,0
DA:127,0
DA:136,0
DA:147,0
DA:151,0
DA:153,0
DA:164,0
DA:168,0
DA:170,0
LF:45
LH:0
BRDA:33,0,0,0
BRDA:33,0,1,0
BRDA:46,1,0,0
BRDA:46,1,1,0
BRDA:59,2,0,0
BRDA:59,2,1,0
BRDA:78,3,0,0
BRDA:78,3,1,0
BRDA:78,4,0,0
BRDA:78,4,1,0
BRDA:84,5,0,0
BRDA:84,5,1,0
BRDA:84,5,2,0
BRDA:84,5,3,0
BRDA:104,6,0,0
BRDA:104,6,1,0
BRDA:120,7,0,0
BRDA:120,7,1,0
BRF:18
BRH:0
end_of_record
TN:
SF:src/background/queue-manager.ts
FN:19,(anonymous_0)
FN:23,(anonymous_1)
FN:34,(anonymous_2)
FN:57,(anonymous_3)
FN:69,(anonymous_4)
FN:80,(anonymous_5)
FN:83,(anonymous_6)
FN:84,(anonymous_7)
FN:94,(anonymous_8)
FN:95,(anonymous_9)
FN:97,(anonymous_10)
FN:135,(anonymous_11)
FN:142,(anonymous_12)
FN:164,(anonymous_13)
FN:175,(anonymous_14)
FN:177,(anonymous_15)
FN:184,(anonymous_16)
FN:191,(anonymous_17)
FN:193,(anonymous_18)
FN:199,(anonymous_19)
FN:200,(anonymous_20)
FN:202,(anonymous_21)
FN:208,(anonymous_22)
FN:219,(anonymous_23)
FN:220,(anonymous_24)
FN:222,(anonymous_25)
FN:243,(anonymous_26)
FN:250,(anonymous_27)
FN:251,(anonymous_28)
FN:253,(anonymous_29)
FN:271,(anonymous_30)
FN:273,(anonymous_31)
FN:279,(anonymous_32)
FN:280,(anonymous_33)
FN:282,(anonymous_34)
FN:296,(anonymous_35)
FN:297,(anonymous_36)
FN:299,(anonymous_37)
FN:313,(anonymous_38)
FN:314,(anonymous_39)
FN:316,(anonymous_40)
FN:334,(anonymous_41)
FN:335,(anonymous_42)
FNF:43
FNH:23
FNDA:14,(anonymous_0)
FNDA:0,(anonymous_1)
FNDA:7,(anonymous_2)
FNDA:17,(anonymous_3)
FNDA:11,(anonymous_4)
FNDA:11,(anonymous_5)
FNDA:0,(anonymous_6)
FNDA:4,(anonymous_7)
FNDA:6,(anonymous_8)
FNDA:6,(anonymous_9)
FNDA:1000,(anonymous_10)
FNDA:1001,(anonymous_11)
FNDA:0,(anonymous_12)
FNDA:1,(anonymous_13)
FNDA:2,(anonymous_14)
FNDA:3,(anonymous_15)
FNDA:0,(anonymous_16)
FNDA:0,(anonymous_17)
FNDA:0,(anonymous_18)
FNDA:0,(anonymous_19)
FNDA:0,(anonymous_20)
FNDA:0,(anonymous_21)
FNDA:0,(anonymous_22)
FNDA:2,(anonymous_23)
FNDA:2,(anonymous_24)
FNDA:2,(anonymous_25)
FNDA:1,(anonymous_26)
FNDA:1,(anonymous_27)
FNDA:1,(anonymous_28)
FNDA:1,(anonymous_29)
FNDA:0,(anonymous_30)
FNDA:0,(anonymous_31)
FNDA:0,(anonymous_32)
FNDA:0,(anonymous_33)
FNDA:0,(anonymous_34)
FNDA:0,(anonymous_35)
FNDA:0,(anonymous_36)
FNDA:0,(anonymous_37)
FNDA:2,(anonymous_38)
FNDA:2,(anonymous_39)
FNDA:5,(anonymous_40)
FNDA:0,(anonymous_41)
FNDA:0,(anonymous_42)
DA:1,4
DA:2,4
DA:8,4
DA:11,14
DA:12,14
DA:13,14
DA:14,14
DA:17,14
DA:20,14
DA:23,14
DA:24,0
DA:25,0
DA:26,0
DA:37,7
DA:38,7
DA:44,7
DA:45,6
DA:48,2
DA:49,2
DA:51,1
DA:58,17
DA:59,14
DA:60,14
DA:61,14
DA:63,17
DA:70,11
DA:71,11
DA:72,7
DA:74,7
DA:83,11
DA:84,11
DA:87,11
DA:95,6
DA:96,6
DA:97,1000
DA:100,2
DA:101,2
DA:103,2
DA:104,0
DA:105,0
DA:106,0
DA:107,0
DA:108,0
DA:112,2
DA:113,0
DA:114,0
DA:115,0
DA:116,0
DA:117,0
DA:120,2
DA:121,0
DA:125,2
DA:126,1
DA:127,1
DA:128,1
DA:129,1
DA:133,2
DA:134,2
DA:135,1001
DA:143,0
DA:146,0
DA:147,0
DA:149,0
DA:150,0
DA:151,0
DA:152,0
DA:153,0
DA:154,0
DA:158,0
DA:165,1
DA:166,0
DA:167,0
DA:176,2
DA:177,3
DA:178,2
DA:185,0
DA:192,0
DA:193,0
DA:200,0
DA:201,0
DA:202,0
DA:204,0
DA:205,0
DA:206,0
DA:208,0
DA:209,0
DA:210,0
DA:211,0
DA:220,2
DA:221,2
DA:222,2
DA:224,2
DA:225,2
DA:226,2
DA:227,2
DA:228,2
DA:230,2
DA:231,1
DA:234,2
DA:235,2
DA:244,1
DA:251,1
DA:252,1
DA:253,1
DA:255,1
DA:256,1
DA:257,1
DA:258,1
DA:259,1
DA:260,1
DA:262,1
DA:263,1
DA:272,0
DA:273,0
DA:280,0
DA:281,0
DA:282,0
DA:284,0
DA:285,0
DA:286,0
DA:287,0
DA:288,0
DA:297,0
DA:298,0
DA:299,0
DA:301,0
DA:302,0
DA:303,0
DA:304,0
DA:314,2
DA:315,2
DA:316,5
DA:318,2
DA:319,1
DA:320,2
DA:321,2
DA:323,1
DA:324,1
DA:327,2
DA:335,0
DA:336,0
DA:337,0
LF:142
LH:83
BRDA:24,0,0,0
BRDA:24,0,1,0
BRDA:24,1,0,0
BRDA:24,1,1,0
BRDA:37,2,0,7
BRDA:37,2,1,5
BRDA:44,3,0,1
BRDA:44,3,1,6
BRDA:45,4,0,4
BRDA:45,4,1,2
BRDA:45,5,0,6
BRDA:45,5,1,5
BRDA:45,5,2,4
BRDA:45,5,3,3
BRDA:48,6,0,2
BRDA:48,6,1,1
BRDA:49,7,0,1
BRDA:49,7,1,1
BRDA:49,8,0,2
BRDA:49,8,1,1
BRDA:58,9,0,14
BRDA:58,9,1,3
BRDA:59,10,0,14
BRDA:59,10,1,0
BRDA:70,11,0,11
BRDA:70,11,1,0
BRDA:103,12,0,0
BRDA:103,12,1,2
BRDA:103,13,0,2
BRDA:103,13,1,0
BRDA:103,13,2,0
BRDA:112,14,0,0
BRDA:112,14,1,2
BRDA:112,15,0,2
BRDA:112,15,1,0
BRDA:112,15,2,0
BRDA:120,16,0,0
BRDA:120,16,1,2
BRDA:125,17,0,1
BRDA:125,17,1,1
BRDA:127,18,0,1
BRDA:127,18,1,0
BRDA:143,19,0,0
BRDA:143,19,1,0
BRDA:143,20,0,0
BRDA:143,20,1,0
BRDA:151,21,0,0
BRDA:151,21,1,0
BRDA:153,22,0,0
BRDA:153,22,1,0
BRDA:154,23,0,0
BRDA:154,23,1,0
BRDA:165,24,0,0
BRDA:165,24,1,1
BRDA:165,25,0,1
BRDA:165,25,1,0
BRDA:178,26,0,2
BRDA:178,26,1,1
BRDA:204,27,0,0
BRDA:204,27,1,0
BRDA:224,28,0,2
BRDA:224,28,1,0
BRDA:230,29,0,1
BRDA:230,29,1,1
BRDA:230,30,0,2
BRDA:230,30,1,1
BRDA:255,31,0,1
BRDA:255,31,1,0
BRDA:273,32,0,0
BRDA:273,32,1,0
BRDA:284,33,0,0
BRDA:284,33,1,0
BRDA:301,34,0,0
BRDA:301,34,1,0
BRDA:318,35,0,1
BRDA:318,35,1,1
BRF:76
BRH:40
end_of_record
TN:
SF:src/background/retry-scheduler.ts
FN:18,(anonymous_0)
FN:26,(anonymous_1)
FN:38,(anonymous_2)
FN:50,(anonymous_3)
FN:73,(anonymous_4)
FN:180,(anonymous_5)
FN:215,(anonymous_6)
FN:242,(anonymous_7)
FN:256,(anonymous_8)
FNF:9
FNH:8
FNDA:15,(anonymous_0)
FNDA:15,(anonymous_1)
FNDA:10,(anonymous_2)
FNDA:3,(anonymous_3)
FNDA:3,(anonymous_4)
FNDA:4,(anonymous_5)
FNDA:1,(anonymous_6)
FNDA:1,(anonymous_7)
FNDA:0,(anonymous_8)
DA:2,1
DA:10,1
DA:15,1
DA:16,1
DA:19,15
DA:20,15
DA:27,15
DA:28,15
DA:30,15
DA:39,10
DA:40,6
DA:41,2
DA:43,4
DA:51,3
DA:52,3
DA:54,3
DA:58,3
DA:60,3
DA:61,3
DA:65,0
DA:74,3
DA:76,3
DA:77,0
DA:78,0
DA:79,0
DA:82,3
DA:83,0
DA:84,0
DA:85,0
DA:89,3
DA:91,0
DA:92,0
DA:93,0
DA:94,0
DA:95,0
DA:98,0
DA:100,0
DA:101,0
DA:102,0
DA:104,0
DA:109,0
DA:113,0
DA:114,0
DA:115,0
DA:116,0
DA:117,0
DA:118,0
DA:119,0
DA:120,0
DA:121,0
DA:122,0
DA:123,0
DA:124,0
DA:125,0
DA:126,0
DA:127,0
DA:128,0
DA:129,0
DA:130,0
DA:131,0
DA:132,0
DA:133,0
DA:134,0
DA:135,0
DA:137,0
DA:141,0
DA:142,0
DA:144,0
DA:147,0
DA:148,0
DA:149,0
DA:150,0
DA:152,0
DA:155,0
DA:156,0
DA:159,0
DA:160,0
DA:162,0
DA:163,0
DA:164,0
DA:167,0
DA:168,0
DA:169,0
DA:181,4
DA:182,4
DA:183,4
DA:184,0
DA:185,0
DA:187,0
DA:188,0
DA:190,0
DA:196,4
DA:203,4
DA:204,1
DA:207,3
DA:216,1
DA:218,1
DA:219,0
DA:220,0
DA:223,1
DA:225,1
DA:226,1
DA:229,1
DA:230,1
DA:232,1
DA:233,1
DA:234,1
DA:243,1
DA:246,1
DA:247,1
DA:250,1
DA:257,0
DA:258,0
DA:259,0
DA:261,0
DA:262,0
DA:263,0
DA:265,0
DA:266,0
DA:270,0
DA:272,0
LF:121
LH:44
BRDA:27,0,0,15
BRDA:27,0,1,0
BRDA:39,1,0,4
BRDA:39,1,1,6
BRDA:40,2,0,2
BRDA:40,2,1,4
BRDA:76,3,0,0
BRDA:76,3,1,3
BRDA:82,4,0,0
BRDA:82,4,1,3
BRDA:91,5,0,0
BRDA:91,5,1,0
BRDA:113,6,0,0
BRDA:113,6,1,0
BRDA:117,7,0,0
BRDA:117,7,1,0
BRDA:120,8,0,0
BRDA:120,8,1,0
BRDA:129,9,0,0
BRDA:129,9,1,0
BRDA:129,10,0,0
BRDA:129,10,1,0
BRDA:141,11,0,0
BRDA:141,11,1,0
BRDA:147,12,0,0
BRDA:147,12,1,0
BRDA:162,13,0,0
BRDA:162,13,1,0
BRDA:168,14,0,0
BRDA:168,14,1,0
BRDA:182,15,0,4
BRDA:182,15,1,0
BRDA:184,16,0,0
BRDA:184,16,1,0
BRDA:203,17,0,1
BRDA:203,17,1,3
BRDA:218,18,0,0
BRDA:218,18,1,1
BRDA:233,19,0,1
BRDA:233,19,1,0
BRDA:262,20,0,0
BRDA:262,20,1,0
BRF:42
BRH:12
end_of_record
TN:
SF:src/background/service-worker.ts
FN:8,(anonymous_0)
FN:20,(anonymous_1)
FN:48,(anonymous_2)
FN:57,syncAuthState
FN:70,initialize
FN:92,(anonymous_5)
FN:99,(anonymous_6)
FN:105,(anonymous_7)
FN:150,(anonymous_8)
FN:165,(anonymous_9)
FN:196,getQualityEmoji
FN:206,getQualityMessage
FN:226,(anonymous_12)
FN:330,(anonymous_13)
FN:356,(anonymous_14)
FN:363,(anonymous_15)
FN:515,(anonymous_16)
FN:518,(anonymous_17)
FN:525,(anonymous_18)
FNF:19
FNH:0
FNDA:0,(anonymous_0)
FNDA:0,(anonymous_1)
FNDA:0,(anonymous_2)
FNDA:0,syncAuthState
FNDA:0,initialize
FNDA:0,(anonymous_5)
FNDA:0,(anonymous_6)
FNDA:0,(anonymous_7)
FNDA:0,(anonymous_8)
FNDA:0,(anonymous_9)
FNDA:0,getQualityEmoji
FNDA:0,getQualityMessage
FNDA:0,(anonymous_12)
FNDA:0,(anonymous_13)
FNDA:0,(anonymous_14)
FNDA:0,(anonymous_15)
FNDA:0,(anonymous_16)
FNDA:0,(anonymous_17)
FNDA:0,(anonymous_18)
DA:2,0
DA:5,0
DA:8,0
DA:9,0
DA:10,0
DA:11,0
DA:12,0
DA:16,0
DA:20,0
DA:21,0
DA:24,0
DA:25,0
DA:27,0
DA:28,0
DA:29,0
DA:30,0
DA:31,0
DA:34,0
DA:35,0
DA:36,0
DA:37,0
DA:38,0
DA:41,0
DA:44,0
DA:48,0
DA:49,0
DA:50,0
DA:51,0
DA:52,0
DA:58,0
DA:59,0
DA:60,0
DA:61,0
DA:62,0
DA:64,0
DA:65,0
DA:71,0
DA:72,0
DA:75,0
DA:76,0
DA:77,0
DA:78,0
DA:79,0
DA:82,0
DA:85,0
DA:88,0
DA:89,0
DA:92,0
DA:93,0
DA:94,0
DA:99,0
DA:100,0
DA:101,0
DA:102,0
DA:103,0
DA:107,0
DA:108,0
DA:109,0
DA:110,0
DA:113,0
DA:114,0
DA:115,0
DA:116,0
DA:119,0
DA:120,0
DA:121,0
DA:123,0
DA:124,0
DA:125,0
DA:129,0
DA:142,0
DA:144,0
DA:150,0
DA:151,0
DA:153,0
DA:156,0
DA:157,0
DA:158,0
DA:161,0
DA:165,0
DA:167,0
DA:168,0
DA:169,0
DA:172,0
DA:173,0
DA:174,0
DA:176,0
DA:177,0
DA:180,0
DA:183,0
DA:184,0
DA:187,0
DA:197,0
DA:198,0
DA:199,0
DA:200,0
DA:201,0
DA:202,0
DA:207,0
DA:208,0
DA:209,0
DA:211,0
DA:213,0
DA:215,0
DA:217,0
DA:219,0
DA:224,0
DA:226,0
DA:227,0
DA:231,0
DA:232,0
DA:233,0
DA:236,0
DA:237,0
DA:240,0
DA:241,0
DA:244,0
DA:245,0
DA:248,0
DA:250,0
DA:251,0
DA:252,0
DA:253,0
DA:254,0
DA:256,0
DA:258,0
DA:259,0
DA:261,0
DA:268,0
DA:271,0
DA:272,0
DA:273,0
DA:276,0
DA:284,0
DA:287,0
DA:296,0
DA:298,0
DA:301,0
DA:303,0
DA:305,0
DA:308,0
DA:309,0
DA:312,0
DA:324,0
DA:325,0
DA:330,0
DA:331,0
DA:332,0
DA:333,0
DA:334,0
DA:335,0
DA:336,0
DA:337,0
DA:340,0
DA:342,0
DA:344,0
DA:356,0
DA:361,0
DA:363,0
DA:364,0
DA:365,0
DA:367,0
DA:368,0
DA:369,0
DA:370,0
DA:372,0
DA:373,0
DA:375,0
DA:376,0
DA:377,0
DA:378,0
DA:379,0
DA:380,0
DA:383,0
DA:384,0
DA:386,0
DA:390,0
DA:391,0
DA:392,0
DA:396,0
DA:397,0
DA:398,0
DA:400,0
DA:401,0
DA:403,0
DA:404,0
DA:405,0
DA:412,0
DA:413,0
DA:414,0
DA:421,0
DA:424,0
DA:426,0
DA:430,0
DA:433,0
DA:437,0
DA:447,0
DA:448,0
DA:451,0
DA:452,0
DA:453,0
DA:454,0
DA:457,0
DA:462,0
DA:463,0
DA:464,0
DA:468,0
DA:469,0
DA:470,0
DA:476,0
DA:477,0
DA:478,0
DA:482,0
DA:483,0
DA:484,0
DA:488,0
DA:489,0
DA:490,0
DA:494,0
DA:496,0
DA:497,0
DA:499,0
DA:500,0
DA:501,0
DA:505,0
DA:506,0
DA:507,0
DA:508,0
DA:512,0
DA:513,0
DA:514,0
DA:515,0
DA:517,0
DA:518,0
DA:519,0
DA:521,0
DA:525,0
DA:530,0
DA:534,0
DA:535,0
DA:538,0
DA:539,0
DA:541,0
DA:542,0
DA:547,0
DA:549,0
DA:557,0
DA:558,0
DA:559,0
DA:561,0
DA:563,0
DA:567,0
DA:568,0
DA:571,0
DA:572,0
DA:574,0
DA:576,0
DA:583,0
DA:584,0
LF:259
LH:0
BRDA:9,0,0,0
BRDA:9,0,1,0
BRDA:11,1,0,0
BRDA:11,1,1,0
BRDA:49,2,0,0
BRDA:49,2,1,0
BRDA:60,3,0,0
BRDA:60,3,1,0
BRDA:60,4,0,0
BRDA:60,4,1,0
BRDA:78,5,0,0
BRDA:78,5,1,0
BRDA:93,6,0,0
BRDA:93,6,1,0
BRDA:93,7,0,0
BRDA:93,7,1,0
BRDA:100,8,0,0
BRDA:100,8,1,0
BRDA:100,9,0,0
BRDA:100,9,1,0
BRDA:108,10,0,0
BRDA:108,10,1,0
BRDA:108,11,0,0
BRDA:108,11,1,0
BRDA:108,11,2,0
BRDA:116,12,0,0
BRDA:116,12,1,0
BRDA:123,13,0,0
BRDA:123,13,1,0
BRDA:157,14,0,0
BRDA:157,14,1,0
BRDA:169,15,0,0
BRDA:169,15,1,0
BRDA:176,16,0,0
BRDA:176,16,1,0
BRDA:176,17,0,0
BRDA:176,17,1,0
BRDA:177,18,0,0
BRDA:177,18,1,0
BRDA:183,19,0,0
BRDA:183,19,1,0
BRDA:188,20,0,0
BRDA:188,20,1,0
BRDA:197,21,0,0
BRDA:197,21,1,0
BRDA:197,21,2,0
BRDA:197,21,3,0
BRDA:197,21,4,0
BRDA:207,22,0,0
BRDA:207,22,1,0
BRDA:208,23,0,0
BRDA:208,23,1,0
BRDA:209,24,0,0
BRDA:209,24,1,0
BRDA:211,25,0,0
BRDA:211,25,1,0
BRDA:211,25,2,0
BRDA:211,25,3,0
BRDA:231,26,0,0
BRDA:231,26,1,0
BRDA:244,27,0,0
BRDA:244,27,1,0
BRDA:256,28,0,0
BRDA:256,28,1,0
BRDA:256,29,0,0
BRDA:256,29,1,0
BRDA:256,29,2,0
BRDA:258,30,0,0
BRDA:258,30,1,0
BRDA:296,31,0,0
BRDA:296,31,1,0
BRDA:305,32,0,0
BRDA:305,32,1,0
BRDA:308,33,0,0
BRDA:308,33,1,0
BRDA:308,34,0,0
BRDA:308,34,1,0
BRDA:317,35,0,0
BRDA:317,35,1,0
BRDA:331,36,0,0
BRDA:331,36,1,0
BRDA:331,37,0,0
BRDA:331,37,1,0
BRDA:333,38,0,0
BRDA:333,38,1,0
BRDA:334,39,0,0
BRDA:334,39,1,0
BRDA:335,40,0,0
BRDA:335,40,1,0
BRDA:365,41,0,0
BRDA:365,41,1,0
BRDA:365,41,2,0
BRDA:365,41,3,0
BRDA:365,41,4,0
BRDA:365,41,5,0
BRDA:365,41,6,0
BRDA:365,41,7,0
BRDA:365,41,8,0
BRDA:365,41,9,0
BRDA:365,41,10,0
BRDA:365,41,11,0
BRDA:375,42,0,0
BRDA:375,42,1,0
BRDA:378,43,0,0
BRDA:378,43,1,0
BRDA:396,44,0,0
BRDA:396,44,1,0
BRDA:397,45,0,0
BRDA:397,45,1,0
BRDA:397,46,0,0
BRDA:397,46,1,0
BRDA:397,46,2,0
BRDA:403,47,0,0
BRDA:403,47,1,0
BRDA:412,48,0,0
BRDA:412,48,1,0
BRDA:412,49,0,0
BRDA:412,49,1,0
BRDA:447,50,0,0
BRDA:447,50,1,0
BRDA:451,51,0,0
BRDA:451,51,1,0
BRDA:453,52,0,0
BRDA:453,52,1,0
BRDA:514,53,0,0
BRDA:514,53,1,0
BRDA:541,54,0,0
BRDA:541,54,1,0
BRDA:557,55,0,0
BRDA:557,55,1,0
BRDA:561,56,0,0
BRDA:561,56,1,0
BRDA:571,57,0,0
BRDA:571,57,1,0
BRDA:572,58,0,0
BRDA:572,58,1,0
BRDA:578,59,0,0
BRDA:578,59,1,0
BRF:138
BRH:0
end_of_record
TN:
SF:src/background/verify_message_handler.ts
FN:7,(anonymous_9)
FN:8,(anonymous_10)
FN:20,(anonymous_11)
FN:24,(anonymous_12)
FN:26,(anonymous_13)
FN:26,(anonymous_14)
FN:32,loadServiceWorker
FN:33,(anonymous_16)
FN:37,runTest
FN:50,(anonymous_18)
FN:54,(anonymous_19)
FN:67,(anonymous_20)
FN:77,(anonymous_21)
FNF:13
FNH:0
FNDA:0,(anonymous_9)
FNDA:0,(anonymous_10)
FNDA:0,(anonymous_11)
FNDA:0,(anonymous_12)
FNDA:0,(anonymous_13)
FNDA:0,(anonymous_14)
FNDA:0,loadServiceWorker
FNDA:0,(anonymous_16)
FNDA:0,runTest
FNDA:0,(anonymous_18)
FNDA:0,(anonymous_19)
FNDA:0,(anonymous_20)
FNDA:0,(anonymous_21)
DA:4,0
DA:7,0
DA:8,0
DA:11,0
DA:12,0
DA:16,0
DA:17,0
DA:21,0
DA:26,0
DA:33,0
DA:38,0
DA:41,0
DA:43,0
DA:44,0
DA:45,0
DA:49,0
DA:50,0
DA:51,0
DA:55,0
DA:56,0
DA:58,0
DA:60,0
DA:66,0
DA:67,0
DA:68,0
DA:78,0
DA:79,0
DA:81,0
DA:83,0
DA:89,0
LF:30
LH:0
BRDA:43,0,0,0
BRDA:43,0,1,0
BRDA:55,1,0,0
BRDA:55,1,1,0
BRDA:55,2,0,0
BRDA:55,2,1,0
BRDA:78,3,0,0
BRDA:78,3,1,0
BRDA:78,4,0,0
BRDA:78,4,1,0
BRF:10
BRH:0
end_of_record
TN:
SF:src/content/content-script.ts
FN:9,(anonymous_0)
FN:18,(anonymous_1)
FN:22,(anonymous_2)
FN:26,(anonymous_3)
FNF:4
FNH:0
FNDA:0,(anonymous_0)
FNDA:0,(anonymous_1)
FNDA:0,(anonymous_2)
FNDA:0,(anonymous_3)
DA:3,0
DA:5,0
DA:6,0
DA:9,0
DA:10,0
DA:11,0
DA:17,0
DA:19,0
DA:20,0
DA:23,0
DA:24,0
DA:27,0
DA:28,0
DA:34,0
DA:37,0
LF:15
LH:0
BRDA:10,0,0,0
BRDA:10,0,1,0
BRDA:19,1,0,0
BRDA:19,1,1,0
BRF:4
BRH:0
end_of_record
TN:
SF:src/content/highlight-capture.ts
FN:6,extractHighlight
FNF:1
FNH:0
FNDA:0,extractHighlight
DA:2,0
DA:4,0
DA:7,0
DA:8,0
DA:9,0
DA:12,0
DA:13,0
DA:14,0
DA:17,0
DA:18,0
DA:19,0
DA:21,0
DA:23,0
DA:33,0
DA:36,0
LF:15
LH:0
BRDA:8,0,0,0
BRDA:8,0,1,0
BRDA:8,1,0,0
BRDA:8,1,1,0
BRDA:13,2,0,0
BRDA:13,2,1,0
BRDA:19,3,0,0
BRDA:19,3,1,0
BRF:8
BRH:0
end_of_record
TN:
SF:src/content/metadata-script.ts
FN:13,(anonymous_0)
FN:18,(anonymous_1)
FN:22,(anonymous_2)
FNF:3
FNH:0
FNDA:0,(anonymous_0)
FNDA:0,(anonymous_1)
FNDA:0,(anonymous_2)
DA:1,0
DA:9,0
DA:13,0
DA:14,0
DA:15,0
DA:17,0
DA:19,0
DA:20,0
DA:23,0
DA:24,0
DA:27,0
DA:30,0
DA:33,0
LF:13
LH:0
BRDA:14,0,0,0
BRDA:14,0,1,0
BRF:2
BRH:0
end_of_record
TN:
SF:src/content/utils.ts
FN:4,extractContext
FNF:1
FNH:1
FNDA:5,extractContext
DA:4,1
DA:5,5
DA:7,5
DA:8,5
DA:10,5
DA:11,4
DA:12,4
DA:18,5
LF:8
LH:8
BRDA:4,0,0,1
BRDA:4,1,0,1
BRDA:10,2,0,4
BRDA:10,2,1,1
BRF:4
BRH:4
end_of_record
TN:
SF:src/lib/api/client.ts
FN:49,(anonymous_0)
FN:62,(anonymous_1)
FN:71,(anonymous_2)
FN:90,(anonymous_3)
FN:113,(anonymous_4)
FN:141,(anonymous_5)
FN:191,(anonymous_6)
FN:199,(anonymous_7)
FN:218,(anonymous_8)
FN:230,(anonymous_9)
FN:242,(anonymous_10)
FN:255,(anonymous_11)
FN:273,(anonymous_12)
FN:292,(anonymous_13)
FN:311,(anonymous_14)
FN:329,(anonymous_15)
FN:343,(anonymous_16)
FN:360,(anonymous_17)
FN:390,(anonymous_18)
FN:402,(anonymous_19)
FNF:20
FNH:9
FNDA:4,(anonymous_0)
FNDA:3,(anonymous_1)
FNDA:0,(anonymous_2)
FNDA:0,(anonymous_3)
FNDA:0,(anonymous_4)
FNDA:0,(anonymous_5)
FNDA:1,(anonymous_6)
FNDA:0,(anonymous_7)
FNDA:1,(anonymous_8)
FNDA:1,(anonymous_9)
FNDA:0,(anonymous_10)
FNDA:2,(anonymous_11)
FNDA:1,(anonymous_12)
FNDA:0,(anonymous_13)
FNDA:0,(anonymous_14)
FNDA:0,(anonymous_15)
FNDA:3,(anonymous_16)
FNDA:3,(anonymous_17)
FNDA:0,(anonymous_18)
FNDA:0,(anonymous_19)
DA:8,5
DA:38,5
DA:40,4
DA:51,4
DA:52,0
DA:55,4
DA:63,3
DA:72,0
DA:77,0
DA:92,0
DA:97,0
DA:100,0
DA:114,0
DA:117,0
DA:118,0
DA:121,0
DA:122,0
DA:123,0
DA:125,0
DA:126,0
DA:130,0
DA:131,0
DA:143,0
DA:146,0
DA:148,0
DA:149,0
DA:150,0
DA:151,0
DA:155,0
DA:156,0
DA:163,0
DA:164,0
DA:171,0
DA:173,0
DA:192,1
DA:194,1
DA:195,1
DA:196,1
DA:197,1
DA:198,1
DA:199,0
DA:200,0
DA:203,1
DA:204,1
DA:205,1
DA:209,1
DA:219,1
DA:231,1
DA:243,0
DA:260,2
DA:279,1
DA:298,0
DA:317,0
DA:334,0
DA:345,3
DA:346,3
DA:367,3
DA:368,3
DA:371,3
DA:377,3
DA:383,3
DA:384,1
DA:387,3
DA:389,3
DA:390,3
DA:392,3
DA:393,3
DA:398,3
DA:401,3
DA:402,0
DA:403,0
DA:411,3
DA:412,3
DA:414,0
DA:417,0
DA:418,0
DA:422,0
DA:423,0
DA:430,0
DA:437,0
DA:438,0
DA:442,0
LF:82
LH:37
BRDA:49,0,0,4
BRDA:51,1,0,0
BRDA:51,1,1,4
BRDA:51,2,0,4
BRDA:51,2,1,4
BRDA:79,3,0,0
BRDA:79,3,1,0
BRDA:79,3,2,0
BRDA:80,4,0,0
BRDA:80,4,1,0
BRDA:80,4,2,0
BRDA:102,5,0,0
BRDA:102,5,1,0
BRDA:102,5,2,0
BRDA:103,6,0,0
BRDA:103,6,1,0
BRDA:103,6,2,0
BRDA:117,7,0,0
BRDA:117,7,1,0
BRDA:121,8,0,0
BRDA:121,8,1,0
BRDA:121,9,0,0
BRDA:121,9,1,0
BRDA:122,10,0,0
BRDA:122,10,1,0
BRDA:122,11,0,0
BRDA:122,11,1,0
BRDA:125,12,0,0
BRDA:125,12,1,0
BRDA:125,13,0,0
BRDA:125,13,1,0
BRDA:143,14,0,0
BRDA:148,15,0,0
BRDA:148,15,1,0
BRDA:150,16,0,0
BRDA:150,16,1,0
BRDA:150,17,0,0
BRDA:150,17,1,0
BRDA:151,18,0,0
BRDA:151,18,1,0
BRDA:151,19,0,0
BRDA:151,19,1,0
BRDA:155,20,0,0
BRDA:155,20,1,0
BRDA:163,21,0,0
BRDA:163,21,1,0
BRDA:165,22,0,0
BRDA:165,22,1,0
BRDA:194,23,0,1
BRDA:194,23,1,0
BRDA:196,24,0,1
BRDA:196,24,1,0
BRDA:197,25,0,1
BRDA:197,25,1,0
BRDA:198,26,0,0
BRDA:198,26,1,1
BRDA:204,27,0,1
BRDA:204,27,1,0
BRDA:345,28,0,3
BRDA:345,28,1,0
BRDA:368,29,0,3
BRDA:368,29,1,3
BRDA:373,30,0,3
BRDA:373,30,1,0
BRDA:383,31,0,1
BRDA:383,31,1,2
BRDA:383,32,0,3
BRDA:383,32,1,1
BRDA:383,32,2,0
BRDA:383,32,3,0
BRDA:401,33,0,0
BRDA:401,33,1,3
BRDA:417,34,0,0
BRDA:417,34,1,0
BRDA:422,35,0,0
BRDA:422,35,1,0
BRDA:422,36,0,0
BRDA:422,36,1,0
BRDA:431,37,0,0
BRDA:431,37,1,0
BRDA:432,38,0,0
BRDA:432,38,1,0
BRDA:437,39,0,0
BRDA:437,39,1,0
BRDA:443,40,0,0
BRDA:443,40,1,0
BRDA:444,41,0,0
BRDA:444,41,1,0
BRF:88
BRH:18
end_of_record
TN:
SF:src/lib/api/errors.ts
FN:25,(anonymous_0)
FN:47,(anonymous_1)
FN:59,(anonymous_2)
FN:76,(anonymous_3)
FN:97,classifyHttpError
FNF:5
FNH:0
FNDA:0,(anonymous_0)
FNDA:0,(anonymous_1)
FNDA:0,(anonymous_2)
FNDA:0,(anonymous_3)
FNDA:0,classifyHttpError
DA:14,6
DA:26,0
DA:27,0
DA:28,0
DA:29,0
DA:32,0
DA:35,0
DA:36,0
DA:46,6
DA:48,0
DA:49,0
DA:58,6
DA:60,0
DA:61,0
DA:70,6
DA:77,0
DA:78,0
DA:79,0
DA:97,6
DA:103,0
DA:104,0
DA:108,0
LF:22
LH:5
BRDA:35,0,0,0
BRDA:35,0,1,0
BRDA:103,1,0,0
BRDA:103,1,1,0
BRDA:103,2,0,0
BRDA:103,2,1,0
BRF:6
BRH:0
end_of_record
TN:
SF:src/lib/api/health.ts
FN:27,checkHealth
FN:38,(anonymous_1)
FNF:2
FNH:1
FNDA:4,checkHealth
FNDA:0,(anonymous_1)
DA:27,2
DA:28,4
DA:30,4
DA:31,0
DA:34,4
DA:37,4
DA:38,4
DA:40,4
DA:41,4
DA:49,0
DA:53,0
DA:55,4
DA:56,4
DA:60,0
LF:14
LH:10
BRDA:27,0,0,0
BRDA:27,1,0,0
BRDA:30,2,0,0
BRDA:30,2,1,4
BRDA:30,3,0,4
BRDA:30,3,1,4
BRF:6
BRH:3
end_of_record
TN:
SF:src/lib/api/list_relations.ts
FN:17,run
FNF:1
FNH:0
FNDA:0,run
DA:13,0
DA:15,0
DA:18,0
DA:19,0
DA:21,0
DA:22,0
DA:25,0
DA:26,0
DA:33,0
DA:34,0
DA:35,0
DA:38,0
DA:39,0
DA:40,0
DA:42,0
DA:43,0
DA:44,0
DA:47,0
DA:50,0
DA:55,0
DA:56,0
DA:57,0
DA:64,0
DA:65,0
DA:66,0
DA:67,0
DA:69,0
DA:74,0
LF:28
LH:0
BRDA:15,0,0,0
BRDA:15,0,1,0
BRDA:18,1,0,0
BRDA:18,1,1,0
BRDA:21,2,0,0
BRDA:21,2,1,0
BRDA:33,3,0,0
BRDA:33,3,1,0
BRDA:39,4,0,0
BRDA:39,4,1,0
BRDA:39,5,0,0
BRDA:39,5,1,0
BRDA:42,6,0,0
BRDA:42,6,1,0
BRDA:47,7,0,0
BRDA:47,7,1,0
BRDA:64,8,0,0
BRDA:64,8,1,0
BRF:18
BRH:0
end_of_record
TN:
SF:src/lib/api/probe_endpoints.ts
FN:16,probe
FNF:1
FNH:0
FNDA:0,probe
DA:5,0
DA:7,0
DA:17,0
DA:19,0
DA:20,0
DA:21,0
DA:22,0
DA:23,0
DA:29,0
DA:31,0
DA:32,0
DA:35,0
DA:40,0
LF:13
LH:0
BRDA:31,0,0,0
BRDA:31,0,1,0
BRF:2
BRH:0
end_of_record
TN:
SF:src/lib/api/probe_payload.ts
FN:52,probe
FNF:1
FNH:0
FNDA:0,probe
DA:5,0
DA:6,0
DA:12,0
DA:53,0
DA:55,0
DA:56,0
DA:57,0
DA:58,0
DA:59,0
DA:65,0
DA:66,0
DA:67,0
DA:69,0
DA:71,0
DA:74,0
DA:76,0
DA:80,0
LF:17
LH:0
BRDA:69,0,0,0
BRDA:69,0,1,0
BRDA:69,1,0,0
BRDA:69,1,1,0
BRF:4
BRH:0
end_of_record
TN:
SF:src/lib/api/probe_relations.ts
FN:8,probe
FNF:1
FNH:0
FNDA:0,probe
DA:6,0
DA:9,0
DA:11,0
DA:12,0
DA:16,0
DA:17,0
DA:18,0
DA:21,0
DA:22,0
DA:24,0
DA:25,0
DA:26,0
DA:29,0
DA:30,0
DA:32,0
DA:37,0
DA:38,0
DA:39,0
DA:40,0
DA:41,0
DA:45,0
DA:46,0
DA:47,0
DA:49,0
DA:53,0
DA:57,0
LF:26
LH:0
BRDA:16,0,0,0
BRDA:16,0,1,0
BRDA:22,1,0,0
BRDA:22,1,1,0
BRDA:22,2,0,0
BRDA:22,2,1,0
BRDA:22,2,2,0
BRDA:24,3,0,0
BRDA:24,3,1,0
BRF:9
BRH:0
end_of_record
TN:
SF:src/lib/api/probe_tags.ts
FN:9,probe
FNF:1
FNH:0
FNDA:0,probe
DA:6,0
DA:7,0
DA:10,0
DA:11,0
DA:12,0
DA:15,0
DA:16,0
DA:19,0
DA:20,0
DA:22,0
DA:23,0
DA:24,0
DA:27,0
DA:35,0
DA:36,0
DA:37,0
DA:47,0
DA:48,0
DA:58,0
DA:59,0
DA:60,0
DA:62,0
DA:63,0
DA:64,0
DA:67,0
DA:72,0
LF:26
LH:0
BRDA:10,0,0,0
BRDA:10,0,1,0
BRDA:20,1,0,0
BRDA:20,1,1,0
BRDA:20,2,0,0
BRDA:20,2,1,0
BRDA:22,3,0,0
BRDA:22,3,1,0
BRDA:62,4,0,0
BRDA:62,4,1,0
BRF:10
BRH:0
end_of_record
TN:
SF:src/lib/api/probe_values.ts
FN:66,probe
FNF:1
FNH:0
FNDA:0,probe
DA:5,0
DA:6,0
DA:9,0
DA:67,0
DA:69,0
DA:70,0
DA:71,0
DA:72,0
DA:73,0
DA:79,0
DA:80,0
DA:81,0
DA:85,0
DA:86,0
DA:89,0
DA:91,0
DA:95,0
LF:17
LH:0
BRDA:85,0,0,0
BRDA:85,0,1,0
BRF:2
BRH:0
end_of_record
TN:
SF:src/lib/api/validators.ts
FN:112,validateResponse
FN:118,(anonymous_1)
FNF:2
FNH:0
FNDA:0,validateResponse
FNDA:0,(anonymous_1)
DA:8,2
DA:9,2
DA:18,2
DA:27,2
DA:39,2
DA:49,2
DA:60,2
DA:68,2
DA:79,2
DA:87,2
DA:112,2
DA:113,0
DA:115,0
DA:117,0
DA:118,0
DA:121,0
DA:128,0
LF:17
LH:11
BRDA:115,0,0,0
BRDA:115,0,1,0
BRF:2
BRH:0
end_of_record
TN:
SF:src/lib/api/verify_client_auth_error.ts
FN:7,verifyClientAuthError
FN:12,(anonymous_1)
FN:16,(anonymous_2)
FN:17,(anonymous_3)
FNF:4
FNH:0
FNDA:0,verifyClientAuthError
FNDA:0,(anonymous_1)
FNDA:0,(anonymous_2)
FNDA:0,(anonymous_3)
DA:1,0
DA:2,0
DA:7,0
DA:8,0
DA:11,0
DA:12,0
DA:13,0
DA:16,0
DA:17,0
DA:21,0
DA:23,0
DA:24,0
DA:25,0
DA:26,0
DA:28,0
DA:29,0
DA:30,0
DA:31,0
DA:33,0
DA:36,0
DA:40,0
DA:43,0
DA:47,0
DA:48,0
LF:24
LH:0
BRDA:28,0,0,0
BRDA:28,0,1,0
BRDA:30,1,0,0
BRDA:30,1,1,0
BRDA:47,2,0,0
BRDA:47,2,1,0
BRF:6
BRH:0
end_of_record
TN:
SF:src/lib/api/verify_create_object.ts
FN:8,verifyApiClientBuffer
FN:16,(anonymous_1)
FN:28,(anonymous_2)
FN:35,(anonymous_3)
FNF:4
FNH:0
FNDA:0,verifyApiClientBuffer
FNDA:0,(anonymous_1)
FNDA:0,(anonymous_2)
FNDA:0,(anonymous_3)
DA:1,0
DA:8,0
DA:9,0
DA:12,0
DA:13,0
DA:14,0
DA:16,0
DA:17,0
DA:24,0
DA:25,0
DA:28,0
DA:35,0
DA:38,0
DA:39,0
DA:42,0
DA:43,0
DA:51,0
DA:54,0
DA:55,0
DA:56,0
DA:57,0
DA:60,0
DA:61,0
DA:63,0
DA:66,0
DA:67,0
DA:71,0
DA:73,0
DA:77,0
DA:78,0
DA:79,0
DA:81,0
DA:85,0
DA:87,0
DA:90,0
DA:94,0
LF:36
LH:0
BRDA:19,0,0,0
BRDA:19,0,1,0
BRDA:20,1,0,0
BRDA:20,1,1,0
BRDA:24,2,0,0
BRDA:24,2,1,0
BRDA:55,3,0,0
BRDA:55,3,1,0
BRDA:60,4,0,0
BRDA:60,4,1,0
BRDA:60,5,0,0
BRDA:60,5,1,0
BRDA:67,6,0,0
BRDA:67,6,1,0
BRDA:67,7,0,0
BRDA:67,7,1,0
BRDA:67,7,2,0
BRDA:67,7,3,0
BRDA:78,8,0,0
BRDA:78,8,1,0
BRDA:78,9,0,0
BRDA:78,9,1,0
BRF:22
BRH:0
end_of_record
TN:
SF:src/lib/auth/auth-manager.ts
FN:5,(anonymous_0)
FN:25,(anonymous_1)
FN:31,(anonymous_2)
FN:41,(anonymous_3)
FN:51,(anonymous_4)
FN:75,(anonymous_5)
FN:114,(anonymous_6)
FN:163,(anonymous_7)
FN:171,(anonymous_8)
FN:187,(anonymous_9)
FN:215,(anonymous_10)
FNF:11
FNH:0
FNDA:0,(anonymous_0)
FNDA:0,(anonymous_1)
FNDA:0,(anonymous_2)
FNDA:0,(anonymous_3)
FNDA:0,(anonymous_4)
FNDA:0,(anonymous_5)
FNDA:0,(anonymous_6)
FNDA:0,(anonymous_7)
FNDA:0,(anonymous_8)
FNDA:0,(anonymous_9)
FNDA:0,(anonymous_10)
DA:1,0
DA:2,0
DA:3,0
DA:5,0
DA:6,0
DA:7,0
DA:8,0
DA:9,0
DA:10,0
DA:18,0
DA:23,0
DA:26,0
DA:28,0
DA:32,0
DA:33,0
DA:35,0
DA:42,0
DA:43,0
DA:44,0
DA:47,0
DA:48,0
DA:49,0
DA:51,0
DA:52,0
DA:54,0
DA:58,0
DA:59,0
DA:60,0
DA:61,0
DA:64,0
DA:68,0
DA:69,0
DA:76,0
DA:77,0
DA:78,0
DA:81,0
DA:82,0
DA:84,0
DA:85,0
DA:87,0
DA:90,0
DA:91,0
DA:95,0
DA:97,0
DA:101,0
DA:102,0
DA:107,0
DA:115,0
DA:117,0
DA:120,0
DA:121,0
DA:122,0
DA:123,0
DA:125,0
DA:126,0
DA:130,0
DA:132,0
DA:137,0
DA:139,0
DA:146,0
DA:148,0
DA:149,0
DA:152,0
DA:155,0
DA:160,0
DA:164,0
DA:173,0
DA:176,0
DA:177,0
DA:189,0
DA:190,0
DA:193,0
DA:194,0
DA:195,0
DA:198,0
DA:199,0
DA:200,0
DA:201,0
DA:205,0
DA:216,0
DA:217,0
LF:81
LH:0
BRDA:5,0,0,0
BRDA:5,0,1,0
BRDA:32,1,0,0
BRDA:32,1,1,0
BRDA:47,2,0,0
BRDA:47,2,1,0
BRDA:47,3,0,0
BRDA:47,3,1,0
BRDA:58,4,0,0
BRDA:58,4,1,0
BRDA:104,5,0,0
BRDA:104,5,1,0
BRDA:117,6,0,0
BRDA:117,6,1,0
BRDA:121,7,0,0
BRDA:121,7,1,0
BRDA:137,8,0,0
BRDA:137,8,1,0
BRDA:189,9,0,0
BRDA:189,9,1,0
BRDA:198,10,0,0
BRDA:198,10,1,0
BRF:22
BRH:0
end_of_record
TN:
SF:src/lib/auth/verify_auth.ts
FN:8,verifyAuthLogic
FNF:1
FNH:0
FNDA:0,verifyAuthLogic
DA:1,0
DA:8,0
DA:9,0
DA:10,0
DA:12,0
DA:13,0
DA:14,0
DA:16,0
DA:18,0
DA:20,0
DA:21,0
DA:22,0
DA:23,0
DA:26,0
LF:14
LH:0
BRDA:20,0,0,0
BRDA:20,0,1,0
BRDA:22,1,0,0
BRDA:22,1,1,0
BRF:4
BRH:0
end_of_record
TN:
SF:src/lib/auth/verify_auth_management.ts
FN:7,verifyAuthManagement
FNF:1
FNH:0
FNDA:0,verifyAuthManagement
DA:1,0
DA:2,0
DA:7,0
DA:8,0
DA:9,0
DA:10,0
DA:13,0
DA:16,0
DA:17,0
DA:19,0
DA:20,0
DA:21,0
DA:23,0
DA:27,0
DA:28,0
DA:29,0
DA:31,0
DA:32,0
DA:34,0
DA:38,0
DA:40,0
DA:41,0
DA:42,0
DA:44,0
DA:47,0
LF:25
LH:0
BRDA:20,0,0,0
BRDA:20,0,1,0
BRDA:31,1,0,0
BRDA:31,1,1,0
BRDA:31,2,0,0
BRDA:31,2,1,0
BRDA:41,3,0,0
BRDA:41,3,1,0
BRF:8
BRH:0
end_of_record
TN:
SF:src/lib/auth/verify_reauth_flow.ts
FN:6,(anonymous_0)
FN:12,(anonymous_1)
FN:13,(anonymous_2)
FN:15,(anonymous_3)
FN:17,(anonymous_4)
FN:31,verifyReauthFlow
FN:51,(anonymous_6)
FN:55,(anonymous_7)
FN:56,(anonymous_8)
FNF:9
FNH:0
FNDA:0,(anonymous_0)
FNDA:0,(anonymous_1)
FNDA:0,(anonymous_2)
FNDA:0,(anonymous_3)
FNDA:0,(anonymous_4)
FNDA:0,verifyReauthFlow
FNDA:0,(anonymous_6)
FNDA:0,(anonymous_7)
FNDA:0,(anonymous_8)
DA:2,0
DA:3,0
DA:7,0
DA:8,0
DA:10,0
DA:13,0
DA:16,0
DA:17,0
DA:22,0
DA:24,0
DA:25,0
DA:31,0
DA:32,0
DA:35,0
DA:36,0
DA:37,0
DA:39,0
DA:40,0
DA:42,0
DA:43,0
DA:44,0
DA:46,0
DA:49,0
DA:50,0
DA:51,0
DA:52,0
DA:55,0
DA:56,0
DA:61,0
DA:62,0
DA:63,0
DA:66,0
DA:67,0
DA:68,0
DA:70,0
DA:71,0
DA:72,0
DA:74,0
DA:77,0
DA:78,0
DA:79,0
DA:81,0
DA:85,0
DA:89,0
DA:92,0
DA:95,0
DA:99,0
LF:47
LH:0
BRDA:7,0,0,0
BRDA:7,0,1,0
BRDA:16,1,0,0
BRDA:16,1,1,0
BRDA:17,2,0,0
BRDA:17,2,1,0
BRDA:42,3,0,0
BRDA:42,3,1,0
BRDA:67,4,0,0
BRDA:67,4,1,0
BRDA:71,5,0,0
BRDA:71,5,1,0
BRDA:78,6,0,0
BRDA:78,6,1,0
BRDA:78,7,0,0
BRDA:78,7,1,0
BRF:16
BRH:0
end_of_record
TN:
SF:src/lib/capture/bookmark-capture-service.ts
FN:19,(anonymous_0)
FN:26,(anonymous_1)
FN:36,(anonymous_2)
FN:134,(anonymous_3)
FN:193,(anonymous_4)
FN:204,(anonymous_5)
FN:249,(anonymous_6)
FN:266,(anonymous_7)
FNF:8
FNH:6
FNDA:8,(anonymous_0)
FNDA:8,(anonymous_1)
FNDA:8,(anonymous_2)
FNDA:6,(anonymous_3)
FNDA:2,(anonymous_4)
FNDA:0,(anonymous_5)
FNDA:2,(anonymous_6)
FNDA:0,(anonymous_7)
DA:1,2
DA:2,2
DA:3,2
DA:5,2
DA:6,2
DA:7,2
DA:12,2
DA:20,8
DA:21,8
DA:22,8
DA:23,8
DA:27,8
DA:28,8
DA:30,8
DA:46,8
DA:47,8
DA:48,8
DA:51,8
DA:52,8
DA:54,8
DA:55,8
DA:56,8
DA:58,8
DA:59,5
DA:60,5
DA:64,3
DA:72,3
DA:73,1
DA:75,1
DA:76,0
DA:78,0
DA:81,0
DA:82,0
DA:86,1
DA:89,1
DA:90,0
DA:96,1
DA:97,1
DA:98,0
DA:99,0
DA:102,1
DA:105,3
DA:107,3
DA:108,3
DA:109,2
DA:112,2
DA:114,2
DA:115,2
DA:116,2
DA:119,2
DA:121,1
DA:122,1
DA:123,1
DA:127,0
DA:142,6
DA:147,6
DA:148,6
DA:150,6
DA:151,6
DA:155,6
DA:178,6
DA:179,6
DA:181,2
DA:186,2
DA:187,2
DA:194,2
DA:197,2
DA:198,0
DA:199,0
DA:200,0
DA:202,0
DA:203,0
DA:204,0
DA:205,0
DA:206,0
DA:208,0
DA:209,0
DA:213,0
DA:214,0
DA:220,0
DA:225,2
DA:230,2
DA:231,20
DA:232,20
DA:233,2
DA:234,2
DA:235,2
DA:243,2
DA:250,2
DA:251,2
DA:254,2
DA:255,2
DA:256,0
DA:260,2
DA:261,2
DA:262,0
DA:265,0
DA:266,0
DA:267,0
DA:269,0
DA:270,0
DA:271,0
DA:272,0
DA:274,0
DA:278,2
DA:282,2
LF:106
LH:75
BRDA:27,0,0,8
BRDA:27,0,1,0
BRDA:40,1,0,2
BRDA:41,2,0,2
BRDA:42,3,0,4
BRDA:47,4,0,0
BRDA:47,4,1,8
BRDA:47,5,0,8
BRDA:47,5,1,8
BRDA:52,6,0,8
BRDA:52,6,1,4
BRDA:56,7,0,3
BRDA:56,7,1,5
BRDA:58,8,0,5
BRDA:58,8,1,3
BRDA:66,9,0,3
BRDA:66,9,1,2
BRDA:72,10,0,1
BRDA:72,10,1,2
BRDA:72,11,0,3
BRDA:72,11,1,2
BRDA:75,12,0,0
BRDA:75,12,1,1
BRDA:75,13,0,1
BRDA:75,13,1,0
BRDA:81,14,0,0
BRDA:81,14,1,0
BRDA:86,15,0,1
BRDA:86,15,1,0
BRDA:89,16,0,0
BRDA:89,16,1,1
BRDA:90,17,0,0
BRDA:90,17,1,0
BRDA:97,18,0,0
BRDA:97,18,1,1
BRDA:102,19,0,1
BRDA:102,19,1,0
BRDA:109,20,0,0
BRDA:109,20,1,2
BRDA:114,21,0,2
BRDA:114,21,1,0
BRDA:121,22,0,1
BRDA:121,22,1,0
BRDA:138,23,0,0
BRDA:139,24,0,0
BRDA:142,25,0,6
BRDA:142,25,1,0
BRDA:142,26,0,6
BRDA:142,26,1,6
BRDA:148,27,0,6
BRDA:148,27,1,0
BRDA:151,28,0,4
BRDA:151,28,1,2
BRDA:160,29,0,6
BRDA:160,29,1,0
BRDA:161,30,0,6
BRDA:161,30,1,0
BRDA:166,31,0,5
BRDA:166,31,1,1
BRDA:166,32,0,6
BRDA:166,32,1,5
BRDA:166,33,0,5
BRDA:166,33,1,0
BRDA:166,33,2,0
BRDA:168,34,0,6
BRDA:168,34,1,4
BRDA:169,35,0,6
BRDA:169,35,1,0
BRDA:197,36,0,0
BRDA:197,36,1,2
BRDA:205,37,0,0
BRDA:205,37,1,0
BRDA:213,38,0,0
BRDA:213,38,1,0
BRDA:232,39,0,2
BRDA:232,39,1,18
BRDA:234,40,0,2
BRDA:234,40,1,0
BRDA:251,41,0,0
BRDA:251,41,1,2
BRDA:254,42,0,2
BRDA:254,42,1,2
BRDA:255,43,0,0
BRDA:255,43,1,2
BRDA:255,44,0,2
BRDA:255,44,1,0
BRDA:262,45,0,0
BRDA:262,45,1,0
BRDA:267,46,0,0
BRDA:267,46,1,0
BRDA:270,47,0,0
BRDA:270,47,1,0
BRDA:282,48,0,2
BRDA:282,48,1,0
BRF:94
BRH:54
end_of_record
TN:
SF:src/lib/converters/markdown-converter.ts
FN:17,convertToMarkdown
FN:57,(anonymous_2)
FN:87,(anonymous_3)
FN:107,(anonymous_4)
FN:115,(anonymous_5)
FN:116,(anonymous_6)
FN:120,(anonymous_7)
FNF:7
FNH:5
FNDA:15,convertToMarkdown
FNDA:0,(anonymous_2)
FNDA:2,(anonymous_3)
FNDA:2,(anonymous_4)
FNDA:14,(anonymous_5)
FNDA:0,(anonymous_6)
FNDA:14,(anonymous_7)
DA:1,1
DA:3,1
DA:4,1
DA:5,1
DA:17,1
DA:24,15
DA:25,15
DA:27,15
DA:28,1
DA:29,1
DA:40,14
DA:42,14
DA:55,14
DA:58,0
DA:59,0
DA:60,0
DA:61,0
DA:63,0
DA:65,0
DA:68,0
DA:70,0
DA:71,0
DA:72,0
DA:74,0
DA:76,0
DA:79,0
DA:80,0
DA:85,14
DA:88,2
DA:89,2
DA:90,2
DA:91,2
DA:92,2
DA:93,2
DA:94,2
DA:95,1
DA:96,1
DA:97,1
DA:99,2
DA:101,0
DA:105,14
DA:108,2
DA:109,2
DA:110,2
DA:115,14
DA:116,14
DA:120,14
DA:121,14
DA:122,14
DA:123,14
DA:125,0
DA:130,14
DA:132,14
DA:133,14
DA:143,0
DA:144,0
LF:56
LH:38
BRDA:19,0,0,15
BRDA:24,1,0,15
BRDA:24,2,0,15
BRDA:27,3,0,1
BRDA:27,3,1,14
BRDA:27,4,0,15
BRDA:27,4,1,14
BRDA:61,5,0,0
BRDA:61,5,1,0
BRDA:61,5,2,0
BRDA:61,5,3,0
BRDA:70,6,0,0
BRDA:70,6,1,0
BRDA:80,7,0,0
BRDA:80,7,1,0
BRDA:90,8,0,2
BRDA:90,8,1,0
BRDA:91,9,0,2
BRDA:91,9,1,1
BRDA:93,10,0,1
BRDA:93,10,1,1
BRDA:94,11,0,1
BRDA:94,11,1,1
BRDA:95,12,0,1
BRDA:95,12,1,1
BRDA:97,13,0,0
BRDA:97,13,1,1
BRDA:108,14,0,0
BRDA:108,14,1,2
BRDA:109,15,0,0
BRDA:109,15,1,2
BRDA:151,16,0,0
BRDA:151,16,1,0
BRF:33
BRH:19
end_of_record
TN:
SF:src/lib/extractors/article-extractor.ts
FN:20,extractArticle
FN:86,(anonymous_1)
FNF:2
FNH:1
FNDA:3,extractArticle
FNDA:0,(anonymous_1)
DA:1,1
DA:2,1
DA:3,1
DA:4,1
DA:20,1
DA:24,3
DA:26,3
DA:28,2
DA:29,2
DA:31,2
DA:34,2
DA:35,1
DA:36,1
DA:39,1
DA:41,1
DA:45,1
DA:46,0
DA:49,0
DA:56,0
DA:62,2
DA:76,2
DA:86,0
DA:92,1
LF:23
LH:19
BRDA:21,0,0,3
BRDA:22,1,0,3
BRDA:28,2,0,2
BRDA:28,2,1,1
BRDA:29,3,0,2
BRDA:29,3,1,1
BRDA:34,4,0,1
BRDA:34,4,1,1
BRDA:34,5,0,2
BRDA:34,5,1,1
BRDA:34,5,2,0
BRDA:39,6,0,1
BRDA:39,6,1,0
BRDA:46,7,0,0
BRDA:46,7,1,0
BRDA:46,8,0,0
BRDA:46,8,1,0
BRDA:62,9,0,1
BRDA:62,9,1,1
BRDA:67,10,0,1
BRDA:67,10,1,0
BRDA:68,11,0,1
BRDA:68,11,1,0
BRDA:70,12,0,1
BRDA:70,12,1,0
BRDA:71,13,0,1
BRDA:71,13,1,0
BRDA:72,14,0,1
BRDA:72,14,1,0
BRDA:83,15,0,2
BRDA:83,15,1,1
BRDA:85,16,0,2
BRDA:85,16,1,0
BRDA:86,17,0,2
BRDA:86,17,1,0
BRDA:102,18,0,1
BRDA:102,18,1,0
BRF:37
BRH:23
end_of_record
TN:
SF:src/lib/extractors/fallback-extractor.ts
FN:33,extractWithFallback
FN:166,extractSimplifiedDOM
FN:179,(anonymous_2)
FN:187,(anonymous_3)
FN:188,(anonymous_4)
FN:201,findLargestByTextContent
FN:205,(anonymous_6)
FN:219,calculateTextDensity
FN:228,getWordCount
FN:230,(anonymous_9)
FN:236,getWordCountFromHtml
FN:246,extractFullPageClean
FN:259,(anonymous_12)
FN:260,(anonymous_13)
FN:291,removeElementsByPattern
FN:300,(anonymous_15)
FN:309,(anonymous_16)
FN:316,createSmartBookmark
FNF:18
FNH:18
FNDA:4,extractWithFallback
FNDA:6,extractSimplifiedDOM
FNDA:3,(anonymous_2)
FNDA:3,(anonymous_3)
FNDA:1,(anonymous_4)
FNDA:3,findLargestByTextContent
FNDA:3,(anonymous_6)
FNDA:3,calculateTextDensity
FNDA:12,getWordCount
FNDA:1030,(anonymous_9)
FNDA:2,getWordCountFromHtml
FNDA:4,extractFullPageClean
FNDA:16,(anonymous_12)
FNDA:1,(anonymous_13)
FNDA:4,removeElementsByPattern
FNDA:36,(anonymous_15)
FNDA:4,(anonymous_16)
FNDA:1,createSmartBookmark
DA:1,1
DA:2,1
DA:3,1
DA:4,1
DA:33,1
DA:37,4
DA:38,4
DA:39,4
DA:42,4
DA:43,4
DA:44,4
DA:46,4
DA:48,4
DA:49,4
DA:51,4
DA:52,1
DA:53,1
DA:70,0
DA:71,0
DA:75,3
DA:76,3
DA:77,3
DA:79,3
DA:81,3
DA:82,3
DA:84,3
DA:85,1
DA:88,1
DA:90,1
DA:110,0
DA:111,0
DA:115,2
DA:116,2
DA:117,2
DA:118,2
DA:120,2
DA:121,2
DA:123,2
DA:124,1
DA:126,1
DA:128,1
DA:148,0
DA:149,0
DA:153,1
DA:154,1
DA:156,1
DA:157,1
DA:159,1
DA:166,1
DA:168,6
DA:169,6
DA:170,3
DA:171,3
DA:172,2
DA:173,2
DA:178,4
DA:179,4
DA:186,4
DA:187,3
DA:188,1
DA:190,4
DA:191,1
DA:192,1
DA:195,3
DA:202,3
DA:203,3
DA:205,3
DA:206,3
DA:207,3
DA:208,3
DA:209,3
DA:213,3
DA:220,3
DA:221,3
DA:222,3
DA:229,12
DA:230,1030
DA:237,2
DA:238,2
DA:239,2
DA:246,1
DA:247,4
DA:253,4
DA:255,4
DA:258,4
DA:259,4
DA:260,16
DA:264,4
DA:272,4
DA:275,4
DA:277,4
DA:278,2
DA:279,2
DA:282,0
DA:285,2
DA:292,4
DA:293,4
DA:295,4
DA:296,9
DA:297,9
DA:298,9
DA:300,9
DA:301,36
DA:304,9
DA:305,4
DA:309,4
DA:316,1
DA:317,1
DA:318,1
DA:322,1
DA:323,1
DA:325,1
DA:327,1
DA:347,0
DA:349,0
LF:115
LH:106
BRDA:34,0,0,4
BRDA:35,1,0,4
BRDA:37,2,0,4
BRDA:51,3,0,1
BRDA:51,3,1,3
BRDA:51,4,0,4
BRDA:51,4,1,1
BRDA:58,5,0,1
BRDA:58,5,1,0
BRDA:59,6,0,1
BRDA:59,6,1,0
BRDA:60,7,0,1
BRDA:60,7,1,0
BRDA:84,8,0,1
BRDA:84,8,1,2
BRDA:96,9,0,1
BRDA:96,9,1,0
BRDA:123,10,0,1
BRDA:123,10,1,1
BRDA:134,11,0,1
BRDA:134,11,1,0
BRDA:166,12,0,3
BRDA:169,13,0,3
BRDA:169,13,1,3
BRDA:171,14,0,2
BRDA:171,14,1,1
BRDA:171,15,0,3
BRDA:171,15,1,3
BRDA:187,16,0,3
BRDA:187,16,1,3
BRDA:190,17,0,1
BRDA:190,17,1,3
BRDA:206,18,0,3
BRDA:206,18,1,0
BRDA:207,19,0,3
BRDA:207,19,1,0
BRDA:220,20,0,3
BRDA:220,20,1,0
BRDA:222,21,0,3
BRDA:222,21,1,0
BRDA:229,22,0,12
BRDA:229,22,1,1
BRDA:246,23,0,2
BRDA:253,24,0,0
BRDA:253,24,1,4
BRDA:277,25,0,2
BRDA:277,25,1,2
BRDA:301,26,0,36
BRDA:301,26,1,32
BRDA:304,27,0,4
BRDA:304,27,1,5
BRDA:316,28,0,0
BRDA:322,29,0,1
BRDA:322,29,1,0
BRDA:334,30,0,1
BRDA:334,30,1,0
BRDA:366,31,0,0
BRDA:366,31,1,0
BRF:58
BRH:43
end_of_record
TN:
SF:src/lib/extractors/favicon-extractor.ts
FN:14,(anonymous_0)
FN:32,(anonymous_1)
FN:34,(anonymous_2)
FN:38,(anonymous_3)
FN:40,(anonymous_4)
FN:54,(anonymous_5)
FNF:6
FNH:6
FNDA:13,(anonymous_0)
FNDA:6,(anonymous_1)
FNDA:9,(anonymous_2)
FNDA:7,(anonymous_3)
FNDA:2,(anonymous_4)
FNDA:4,(anonymous_5)
DA:1,2
DA:6,2
DA:15,13
DA:17,13
DA:19,7
DA:22,6
DA:23,6
DA:25,6
DA:34,9
DA:35,6
DA:38,7
DA:39,5
DA:40,1
DA:41,2
DA:42,2
DA:43,2
DA:48,4
DA:55,4
DA:56,4
DA:57,4
LF:20
LH:20
BRDA:17,0,0,7
BRDA:17,0,1,6
BRDA:35,1,0,1
BRDA:35,1,1,5
BRDA:38,2,0,7
BRDA:38,2,1,3
BRDA:38,3,0,3
BRDA:38,3,1,0
BRDA:39,4,0,1
BRDA:39,4,1,4
BRDA:41,5,0,2
BRDA:41,5,1,0
BRDA:42,6,0,2
BRDA:42,6,1,0
BRDA:43,7,0,2
BRDA:43,7,1,0
BRDA:56,8,0,0
BRDA:56,8,1,4
BRF:18
BRH:13
end_of_record
TN:
SF:src/lib/extractors/image-detector.ts
FN:8,(anonymous_0)
FN:45,(anonymous_1)
FN:53,(anonymous_2)
FN:61,(anonymous_3)
FNF:4
FNH:3
FNDA:4,(anonymous_0)
FNDA:3,(anonymous_1)
FNDA:0,(anonymous_2)
FNDA:1,(anonymous_3)
DA:4,3
DA:9,4
DA:10,4
DA:11,4
DA:12,4
DA:14,4
DA:15,4
DA:17,4
DA:18,5
DA:19,5
DA:21,4
DA:22,3
DA:24,3
DA:25,3
DA:27,3
DA:35,4
DA:37,0
DA:38,0
DA:46,3
DA:47,2
DA:55,0
DA:62,1
DA:63,1
DA:64,1
DA:65,1
DA:66,1
DA:67,1
DA:69,0
LF:28
LH:24
BRDA:19,0,0,1
BRDA:19,0,1,4
BRDA:19,1,0,5
BRDA:19,1,1,5
BRDA:21,2,0,1
BRDA:21,2,1,3
BRDA:24,3,0,3
BRDA:24,3,1,2
BRDA:25,4,0,3
BRDA:25,4,1,2
BRDA:29,5,0,3
BRDA:29,5,1,2
BRDA:31,6,0,1
BRDA:31,6,1,2
BRDA:31,7,0,3
BRDA:31,7,1,1
BRDA:46,8,0,1
BRDA:46,8,1,2
BRF:18
BRH:18
end_of_record
TN:
SF:src/lib/extractors/image-handler.ts
FN:10,(anonymous_0)
FN:106,(anonymous_1)
FN:118,(anonymous_2)
FN:121,(anonymous_3)
FN:139,(anonymous_4)
FNF:5
FNH:4
FNDA:7,(anonymous_0)
FNDA:0,(anonymous_1)
FNDA:7,(anonymous_2)
FNDA:3,(anonymous_3)
FNDA:15,(anonymous_4)
DA:3,2
DA:4,2
DA:6,2
DA:16,7
DA:19,7
DA:22,7
DA:25,7
DA:26,7
DA:28,7
DA:29,15
DA:30,15
DA:39,15
DA:40,15
DA:42,15
DA:49,4
DA:50,4
DA:54,11
DA:55,11
DA:57,11
DA:59,0
DA:62,11
DA:63,11
DA:67,11
DA:68,3
DA:72,8
DA:73,8
DA:77,8
DA:78,8
DA:79,3
DA:80,3
DA:81,3
DA:83,5
DA:84,5
DA:85,5
DA:86,5
DA:91,0
DA:92,0
DA:95,11
DA:96,11
DA:99,7
DA:107,0
DA:112,0
DA:119,7
DA:121,3
DA:122,2
DA:126,0
DA:129,2
DA:130,2
DA:131,2
DA:132,2
DA:133,2
DA:140,15
DA:141,12
DA:142,12
DA:143,12
DA:145,10
DA:147,0
LF:57
LH:50
BRDA:42,0,0,4
BRDA:42,0,1,11
BRDA:42,1,0,15
BRDA:42,1,1,12
BRDA:42,1,2,1
BRDA:57,2,0,0
BRDA:57,2,1,11
BRDA:63,3,0,11
BRDA:63,3,1,11
BRDA:63,3,2,4
BRDA:67,4,0,3
BRDA:67,4,1,8
BRDA:78,5,0,3
BRDA:78,5,1,5
BRDA:92,6,0,0
BRDA:92,6,1,0
BRDA:119,7,0,5
BRDA:119,7,1,2
BRDA:122,8,0,0
BRDA:122,8,1,2
BRDA:140,9,0,3
BRDA:140,9,1,12
BRDA:141,10,0,0
BRDA:141,10,1,12
BRDA:142,11,0,12
BRDA:142,11,1,0
BRDA:143,12,0,2
BRDA:143,12,1,10
BRF:28
BRH:22
end_of_record
TN:
SF:src/lib/extractors/image-optimizer.ts
FN:5,(anonymous_0)
FN:7,(anonymous_1)
FN:29,(anonymous_2)
FN:34,(anonymous_3)
FN:35,(anonymous_4)
FN:38,(anonymous_5)
FN:78,(anonymous_6)
FN:101,(anonymous_7)
FNF:8
FNH:7
FNDA:4,(anonymous_0)
FNDA:1,(anonymous_1)
FNDA:1,(anonymous_2)
FNDA:1,(anonymous_3)
FNDA:0,(anonymous_4)
FNDA:1,(anonymous_5)
FNDA:1,(anonymous_6)
FNDA:1,(anonymous_7)
DA:1,3
DA:6,4
DA:7,4
DA:9,4
DA:10,4
DA:11,2
DA:13,2
DA:15,1
DA:18,1
DA:20,1
DA:21,1
DA:22,1
DA:31,1
DA:34,1
DA:35,1
DA:38,1
DA:39,1
DA:40,1
DA:41,1
DA:43,1
DA:44,1
DA:45,1
DA:46,0
DA:47,0
DA:50,1
DA:51,1
DA:54,1
DA:59,1
DA:61,0
DA:62,0
DA:67,1
DA:69,1
DA:72,1
DA:79,1
DA:80,1
DA:81,1
DA:82,1
DA:84,1
DA:85,1
DA:86,1
DA:88,1
DA:90,1
DA:91,1
DA:93,0
DA:94,0
DA:102,1
DA:103,1
DA:106,1
DA:107,1
DA:108,1
DA:109,1
DA:113,1
DA:114,0
DA:115,1
DA:116,0
DA:119,1
LF:56
LH:48
BRDA:13,0,0,1
BRDA:13,0,1,1
BRDA:45,1,0,0
BRDA:45,1,1,1
BRDA:69,2,0,1
BRDA:69,2,1,0
BRDA:72,3,0,1
BRDA:72,3,1,0
BRDA:102,4,0,1
BRDA:102,4,1,0
BRDA:107,5,0,1
BRDA:107,5,1,0
BRDA:113,6,0,0
BRDA:113,6,1,1
BRDA:115,7,0,0
BRDA:115,7,1,1
BRF:16
BRH:9
end_of_record
TN:
SF:src/lib/extractors/language-detector.ts
FN:11,(anonymous_0)
FN:42,(anonymous_1)
FNF:2
FNH:2
FNDA:17,(anonymous_0)
FNDA:10,(anonymous_1)
DA:4,2
DA:13,17
DA:17,17
DA:18,9
DA:19,9
DA:23,17
DA:24,8
DA:25,8
DA:28,17
DA:29,7
DA:32,10
DA:43,10
DA:46,10
DA:50,10
DA:51,8
DA:54,2
LF:16
LH:16
BRDA:13,0,0,17
BRDA:13,0,1,10
BRDA:17,1,0,9
BRDA:17,1,1,8
BRDA:19,2,0,9
BRDA:19,2,1,8
BRDA:23,3,0,8
BRDA:23,3,1,9
BRDA:25,4,0,8
BRDA:25,4,1,7
BRDA:28,5,0,7
BRDA:28,5,1,10
BRDA:50,6,0,8
BRDA:50,6,1,2
BRDA:50,7,0,10
BRDA:50,7,1,9
BRF:16
BRH:16
end_of_record
TN:
SF:src/lib/extractors/metadata-extractor.ts
FN:14,(anonymous_0)
FN:30,(anonymous_1)
FN:68,(anonymous_2)
FN:69,(anonymous_3)
FN:91,(anonymous_4)
FNF:5
FNH:5
FNDA:7,(anonymous_0)
FNDA:7,(anonymous_1)
FNDA:7,(anonymous_2)
FNDA:42,(anonymous_3)
FNDA:7,(anonymous_4)
DA:2,1
DA:3,1
DA:4,1
DA:5,1
DA:6,1
DA:7,1
DA:8,1
DA:14,1
DA:15,7
DA:16,7
DA:17,7
DA:18,7
DA:19,7
DA:20,7
DA:31,7
DA:33,7
DA:34,7
DA:35,7
DA:36,7
DA:39,7
DA:40,7
DA:41,6
DA:42,5
DA:43,4
DA:45,7
DA:62,7
DA:69,7
DA:70,42
DA:71,91
DA:72,91
DA:73,91
DA:75,41
DA:78,7
DA:92,7
DA:93,7
LF:35
LH:35
BRDA:31,0,0,7
BRDA:31,0,1,6
BRDA:40,1,0,1
BRDA:40,1,1,6
BRDA:41,2,0,1
BRDA:41,2,1,5
BRDA:42,3,0,1
BRDA:42,3,1,4
BRDA:43,4,0,0
BRDA:43,4,1,4
BRDA:46,5,0,7
BRDA:46,5,1,6
BRDA:46,5,2,5
BRDA:46,5,3,4
BRDA:46,5,4,4
BRDA:46,5,5,1
BRDA:47,6,0,7
BRDA:47,6,1,7
BRDA:47,6,2,7
BRDA:47,6,3,7
BRDA:48,7,0,7
BRDA:48,7,1,6
BRDA:48,7,2,6
BRDA:48,7,3,6
BRDA:49,8,0,7
BRDA:49,8,1,7
BRDA:49,8,2,7
BRDA:49,8,3,7
BRDA:50,9,0,7
BRDA:50,9,1,7
BRDA:50,9,2,7
BRDA:51,10,0,7
BRDA:51,10,1,7
BRDA:52,11,0,7
BRDA:52,11,1,7
BRDA:52,11,2,7
BRDA:52,11,3,7
BRDA:53,12,0,7
BRDA:53,12,1,7
BRDA:56,13,0,7
BRDA:56,13,1,0
BRDA:57,14,0,1
BRDA:57,14,1,6
BRDA:73,15,0,1
BRDA:73,15,1,90
BRDA:93,16,0,7
BRDA:93,16,1,6
BRF:47
BRH:45
end_of_record
TN:
SF:src/lib/extractors/opengraph-extractor.ts
FN:17,(anonymous_0)
FN:40,(anonymous_1)
FN:53,(anonymous_2)
FN:56,(anonymous_3)
FN:57,(anonymous_4)
FN:58,(anonymous_5)
FNF:6
FNH:6
FNDA:13,(anonymous_0)
FNDA:142,(anonymous_1)
FNDA:13,(anonymous_2)
FNDA:2,(anonymous_3)
FNDA:2,(anonymous_4)
FNDA:2,(anonymous_5)
DA:2,2
DA:3,2
DA:4,2
DA:9,2
DA:18,13
DA:41,142
DA:42,142
DA:43,142
DA:54,13
DA:55,13
DA:56,2
DA:57,2
DA:58,2
LF:13
LH:13
BRDA:21,0,0,13
BRDA:21,0,1,10
BRDA:22,1,0,13
BRDA:22,1,1,12
BRDA:25,2,0,13
BRDA:25,2,1,12
BRDA:26,3,0,13
BRDA:26,3,1,12
BRDA:27,4,0,13
BRDA:27,4,1,12
BRDA:43,5,0,15
BRDA:43,5,1,127
BRF:12
BRH:12
end_of_record
TN:
SF:src/lib/extractors/readability-extractor.ts
FN:17,extractReadability
FN:31,(anonymous_1)
FN:32,(anonymous_2)
FN:36,(anonymous_3)
FN:67,(anonymous_4)
FN:74,(anonymous_5)
FN:96,(anonymous_6)
FN:160,flattenTableHeaders
FN:163,(anonymous_8)
FNF:9
FNH:0
FNDA:0,extractReadability
FNDA:0,(anonymous_1)
FNDA:0,(anonymous_2)
FNDA:0,(anonymous_3)
FNDA:0,(anonymous_4)
FNDA:0,(anonymous_5)
FNDA:0,(anonymous_6)
FNDA:0,flattenTableHeaders
FNDA:0,(anonymous_8)
DA:1,1
DA:2,1
DA:3,1
DA:17,1
DA:21,0
DA:22,0
DA:24,0
DA:27,0
DA:31,0
DA:32,0
DA:36,0
DA:37,0
DA:40,0
DA:42,0
DA:43,0
DA:44,0
DA:45,0
DA:47,0
DA:48,0
DA:60,0
DA:63,0
DA:64,0
DA:67,0
DA:69,0
DA:74,0
DA:77,0
DA:81,0
DA:98,0
DA:113,0
DA:114,0
DA:130,0
DA:133,0
DA:135,0
DA:139,0
DA:140,0
DA:161,0
DA:162,0
DA:163,0
DA:165,0
DA:166,0
DA:167,0
DA:168,0
DA:173,0
LF:43
LH:4
BRDA:18,0,0,0
BRDA:19,1,0,0
BRDA:21,2,0,0
BRDA:21,3,0,0
BRDA:47,4,0,0
BRDA:47,4,1,0
BRDA:63,5,0,0
BRDA:63,5,1,0
BRDA:64,6,0,0
BRDA:64,6,1,0
BRDA:69,7,0,0
BRDA:69,7,1,0
BRDA:77,8,0,0
BRDA:77,8,1,0
BRDA:77,9,0,0
BRDA:77,9,1,0
BRDA:124,10,0,0
BRDA:124,10,1,0
BRDA:133,11,0,0
BRDA:133,11,1,0
BRDA:150,12,0,0
BRDA:150,12,1,0
BRDA:165,13,0,0
BRDA:165,13,1,0
BRDA:166,14,0,0
BRDA:166,14,1,0
BRDA:167,15,0,0
BRDA:167,15,1,0
BRF:28
BRH:0
end_of_record
TN:
SF:src/lib/extractors/reading-time-calculator.ts
FN:10,(anonymous_0)
FN:20,(anonymous_1)
FN:37,(anonymous_2)
FNF:3
FNH:3
FNDA:14,(anonymous_0)
FNDA:6,(anonymous_1)
FNDA:11,(anonymous_2)
DA:4,2
DA:11,14
DA:21,6
DA:22,2
DA:25,4
DA:26,4
DA:28,4
DA:39,11
DA:42,11
DA:44,11
LF:10
LH:10
BRDA:10,0,0,7
BRDA:21,1,0,2
BRDA:21,1,1,4
BRDA:21,2,0,6
BRDA:21,2,1,4
BRDA:44,3,0,8
BRDA:44,3,1,3
BRDA:44,4,0,11
BRDA:44,4,1,11
BRF:9
BRH:9
end_of_record
TN:
SF:src/lib/extractors/schema-org-extractor.ts
FN:17,(anonymous_0)
FN:44,(anonymous_1)
FN:59,(anonymous_2)
FN:60,(anonymous_3)
FN:61,(anonymous_4)
FN:75,(anonymous_5)
FN:92,(anonymous_6)
FN:105,(anonymous_7)
FN:111,(anonymous_8)
FN:114,(anonymous_9)
FN:119,(anonymous_10)
FN:134,(anonymous_11)
FNF:12
FNH:12
FNDA:12,(anonymous_0)
FNDA:8,(anonymous_1)
FNDA:2,(anonymous_2)
FNDA:1,(anonymous_3)
FNDA:1,(anonymous_4)
FNDA:7,(anonymous_5)
FNDA:6,(anonymous_6)
FNDA:34,(anonymous_7)
FNDA:8,(anonymous_8)
FNDA:2,(anonymous_9)
FNDA:6,(anonymous_10)
FNDA:6,(anonymous_11)
DA:2,2
DA:3,2
DA:4,2
DA:9,2
DA:18,12
DA:19,12
DA:21,12
DA:22,6
DA:23,6
DA:24,5
DA:25,5
DA:27,5
DA:34,12
DA:45,8
DA:48,8
DA:49,1
DA:50,1
DA:52,1
DA:53,2
DA:54,2
DA:56,2
DA:57,2
DA:58,2
DA:59,2
DA:60,1
DA:61,1
DA:63,2
DA:64,2
DA:65,2
DA:69,1
DA:73,7
DA:74,7
DA:75,7
DA:77,7
DA:78,6
DA:82,1
DA:83,1
DA:86,0
DA:93,6
DA:106,34
DA:107,22
DA:108,22
DA:112,8
DA:113,5
DA:114,4
DA:115,3
DA:116,0
DA:120,6
DA:123,2
DA:124,1
DA:125,1
DA:126,1
DA:127,0
DA:128,0
DA:131,2
DA:135,6
DA:136,1
DA:137,1
DA:138,0
LF:59
LH:54
BRDA:23,0,0,6
BRDA:23,0,1,0
BRDA:25,1,0,5
BRDA:25,1,1,0
BRDA:45,2,0,0
BRDA:45,2,1,8
BRDA:48,3,0,1
BRDA:48,3,1,7
BRDA:54,4,0,2
BRDA:54,4,1,0
BRDA:57,5,0,0
BRDA:57,5,1,2
BRDA:59,6,0,1
BRDA:59,6,1,1
BRDA:59,7,0,2
BRDA:59,7,1,1
BRDA:60,8,0,0
BRDA:60,8,1,1
BRDA:61,9,0,1
BRDA:61,9,1,0
BRDA:63,10,0,2
BRDA:63,10,1,0
BRDA:74,11,0,0
BRDA:74,11,1,7
BRDA:75,12,0,7
BRDA:75,12,1,4
BRDA:75,12,2,3
BRDA:75,12,3,2
BRDA:77,13,0,6
BRDA:77,13,1,1
BRDA:82,14,0,1
BRDA:82,14,1,0
BRDA:82,15,0,1
BRDA:82,15,1,1
BRDA:94,16,0,6
BRDA:94,16,1,3
BRDA:97,17,0,6
BRDA:97,17,1,5
BRDA:98,18,0,6
BRDA:98,18,1,5
BRDA:106,19,0,12
BRDA:106,19,1,22
BRDA:107,20,0,0
BRDA:107,20,1,22
BRDA:107,21,0,22
BRDA:107,21,1,0
BRDA:112,22,0,3
BRDA:112,22,1,5
BRDA:113,23,0,1
BRDA:113,23,1,4
BRDA:114,24,0,1
BRDA:114,24,1,3
BRDA:115,25,0,3
BRDA:115,25,1,0
BRDA:120,26,0,4
BRDA:120,26,1,2
BRDA:123,27,0,1
BRDA:123,27,1,1
BRDA:125,28,0,1
BRDA:125,28,1,0
BRDA:125,29,0,1
BRDA:125,29,1,1
BRDA:126,30,0,1
BRDA:126,30,1,0
BRDA:127,31,0,0
BRDA:127,31,1,0
BRDA:131,32,0,2
BRDA:131,32,1,0
BRDA:135,33,0,5
BRDA:135,33,1,1
BRDA:136,34,0,0
BRDA:136,34,1,1
BRDA:137,35,0,1
BRDA:137,35,1,0
BRF:74
BRH:54
end_of_record
TN:
SF:src/lib/extractors/table-classifier.ts
FN:8,(anonymous_0)
FN:55,(anonymous_1)
FN:108,(anonymous_2)
FNF:3
FNH:3
FNDA:8,(anonymous_0)
FNDA:8,(anonymous_1)
FNDA:6,(anonymous_2)
DA:1,2
DA:7,2
DA:9,8
DA:10,8
DA:14,8
DA:17,8
DA:18,1
DA:19,1
DA:20,7
DA:21,1
DA:22,1
DA:26,6
DA:27,6
DA:29,6
DA:30,2
DA:31,2
DA:34,4
DA:35,4
DA:37,4
DA:38,2
DA:39,2
DA:41,2
DA:42,2
DA:47,8
DA:56,8
DA:57,8
DA:59,8
DA:60,8
DA:61,8
DA:62,8
DA:63,8
DA:67,8
DA:70,8
DA:72,8
DA:73,8
DA:76,8
DA:77,8
DA:80,8
DA:81,38
DA:85,38
DA:86,1
DA:89,38
DA:90,67
DA:91,1
DA:97,8
DA:109,6
DA:110,6
DA:111,6
DA:115,6
DA:116,6
DA:117,2
DA:120,6
DA:121,33
DA:122,33
DA:123,58
DA:124,58
DA:125,58
DA:127,58
DA:129,58
DA:130,20
DA:136,6
LF:61
LH:61
BRDA:17,0,0,1
BRDA:17,0,1,7
BRDA:20,1,0,1
BRDA:20,1,1,6
BRDA:26,2,0,6
BRDA:26,2,1,4
BRDA:29,3,0,2
BRDA:29,3,1,4
BRDA:29,4,0,6
BRDA:29,4,1,4
BRDA:37,5,0,2
BRDA:37,5,1,2
BRDA:37,6,0,4
BRDA:37,6,1,3
BRDA:39,7,0,1
BRDA:39,7,1,1
BRDA:70,8,0,8
BRDA:70,8,1,0
BRDA:77,9,0,8
BRDA:77,9,1,6
BRDA:77,9,2,6
BRDA:85,10,0,1
BRDA:85,10,1,37
BRDA:90,11,0,1
BRDA:90,11,1,66
BRDA:90,12,0,67
BRDA:90,12,1,67
BRDA:116,13,0,2
BRDA:116,13,1,4
BRDA:116,14,0,6
BRDA:116,14,1,4
BRDA:116,14,2,4
BRDA:123,15,0,58
BRDA:123,15,1,0
BRDA:124,16,0,58
BRDA:124,16,1,0
BRDA:129,17,0,20
BRDA:129,17,1,38
BRDA:129,18,0,58
BRDA:129,18,1,58
BRDA:136,19,0,6
BRDA:136,19,1,0
BRF:42
BRH:38
end_of_record
TN:
SF:src/lib/extractors/table-converter.ts
FN:7,(anonymous_0)
FN:47,(anonymous_1)
FN:59,(anonymous_2)
FN:65,(anonymous_3)
FN:79,(anonymous_4)
FN:88,(anonymous_5)
FN:111,(anonymous_6)
FN:118,(anonymous_7)
FN:151,(anonymous_8)
FN:160,(anonymous_9)
FN:172,(anonymous_10)
FN:180,(anonymous_11)
FN:187,(anonymous_12)
FN:193,(anonymous_13)
FN:195,(anonymous_14)
FN:197,(anonymous_15)
FN:198,(anonymous_16)
FNF:17
FNH:14
FNDA:4,(anonymous_0)
FNDA:7,(anonymous_1)
FNDA:7,(anonymous_2)
FNDA:8,(anonymous_3)
FNDA:1,(anonymous_4)
FNDA:3,(anonymous_5)
FNDA:6,(anonymous_6)
FNDA:0,(anonymous_7)
FNDA:7,(anonymous_8)
FNDA:4,(anonymous_9)
FNDA:4,(anonymous_10)
FNDA:19,(anonymous_11)
FNDA:1,(anonymous_12)
FNDA:0,(anonymous_13)
FNDA:0,(anonymous_14)
FNDA:3,(anonymous_15)
FNDA:1,(anonymous_16)
DA:3,2
DA:8,4
DA:9,4
DA:11,4
DA:12,4
DA:15,4
DA:16,4
DA:23,4
DA:24,3
DA:25,3
DA:26,3
DA:39,1
DA:40,1
DA:41,1
DA:45,4
DA:46,4
DA:47,4
DA:48,7
DA:49,7
DA:54,4
DA:57,4
DA:59,7
DA:62,4
DA:63,4
DA:64,4
DA:65,8
DA:68,4
DA:70,4
DA:73,4
DA:80,1
DA:81,1
DA:82,1
DA:89,3
DA:90,3
DA:92,3
DA:93,3
DA:95,3
DA:97,3
DA:98,1
DA:99,1
DA:100,1
DA:103,2
DA:104,2
DA:105,2
DA:109,3
DA:110,3
DA:111,3
DA:112,6
DA:113,6
DA:117,0
DA:118,0
DA:119,0
DA:127,3
DA:128,3
DA:129,3
DA:130,3
DA:131,3
DA:133,3
DA:134,6
DA:135,6
DA:136,6
DA:138,3
DA:141,3
DA:153,7
DA:154,4
DA:156,4
DA:157,4
DA:158,4
DA:160,4
DA:161,4
DA:164,0
DA:169,3
DA:174,4
DA:175,4
DA:176,4
DA:177,4
DA:182,19
DA:184,19
DA:188,1
DA:189,1
DA:190,8
DA:192,1
DA:193,1
DA:194,1
DA:195,1
DA:196,1
DA:197,1
DA:198,3
DA:199,1
DA:200,0
DA:203,3
LF:91
LH:86
BRDA:9,0,0,0
BRDA:9,0,1,4
BRDA:23,1,0,3
BRDA:23,1,1,1
BRDA:25,2,0,3
BRDA:25,2,1,0
BRDA:39,3,0,1
BRDA:39,3,1,0
BRDA:45,4,0,4
BRDA:45,4,1,0
BRDA:48,5,0,7
BRDA:48,5,1,0
BRDA:49,6,0,7
BRDA:49,6,1,0
BRDA:54,7,0,0
BRDA:54,7,1,4
BRDA:65,8,0,8
BRDA:65,8,1,0
BRDA:90,9,0,0
BRDA:90,9,1,3
BRDA:97,10,0,1
BRDA:97,10,1,2
BRDA:99,11,0,1
BRDA:99,11,1,0
BRDA:103,12,0,2
BRDA:103,12,1,0
BRDA:109,13,0,3
BRDA:109,13,1,0
BRDA:112,14,0,6
BRDA:112,14,1,0
BRDA:113,15,0,6
BRDA:113,15,1,0
BRDA:117,16,0,0
BRDA:117,16,1,0
BRDA:135,17,0,6
BRDA:135,17,1,0
BRDA:153,18,0,4
BRDA:153,18,1,3
BRDA:153,19,0,7
BRDA:153,19,1,4
BRDA:158,20,0,0
BRDA:158,20,1,4
BRDA:160,21,0,4
BRDA:160,21,1,0
BRDA:161,22,0,4
BRDA:161,22,1,0
BRDA:174,23,0,0
BRDA:174,23,1,4
BRDA:176,24,0,0
BRDA:176,24,1,4
BRDA:176,25,0,4
BRDA:176,25,1,0
BRDA:176,25,2,0
BRDA:199,26,0,0
BRDA:199,26,1,1
BRF:55
BRH:30
end_of_record
TN:
SF:src/lib/extractors/table-detector.ts
FN:12,(anonymous_0)
FN:21,(anonymous_1)
FNF:2
FNH:2
FNDA:6,(anonymous_0)
FNDA:9,(anonymous_1)
DA:4,1
DA:13,6
DA:15,5
DA:16,5
DA:17,5
DA:18,5
DA:21,5
DA:22,9
DA:23,9
DA:24,28
DA:25,3
DA:27,25
DA:29,6
DA:33,0
DA:34,0
LF:15
LH:13
BRDA:13,0,0,1
BRDA:13,0,1,5
BRDA:24,1,0,3
BRDA:24,1,1,25
BRF:4
BRH:4
end_of_record
TN:
SF:src/lib/extractors/twitter-card-extractor.ts
FN:16,(anonymous_0)
FN:34,(anonymous_1)
FNF:2
FNH:2
FNDA:11,(anonymous_0)
FNDA:66,(anonymous_1)
DA:2,2
DA:3,2
DA:8,2
DA:17,11
DA:36,66
DA:37,66
DA:38,66
LF:7
LH:7
BRDA:23,0,0,11
BRDA:23,0,1,9
BRDA:38,1,0,9
BRDA:38,1,1,57
BRF:4
BRH:4
end_of_record
TN:
SF:src/lib/notifications/notification-service.ts
FN:27,(anonymous_0)
FN:34,(anonymous_1)
FN:60,(anonymous_2)
FN:79,(anonymous_3)
FN:99,(anonymous_4)
FN:128,(anonymous_5)
FN:155,(anonymous_6)
FN:165,(anonymous_7)
FN:174,(anonymous_8)
FN:197,(anonymous_9)
FN:199,(anonymous_10)
FN:212,(anonymous_11)
FN:234,(anonymous_12)
FNF:13
FNH:13
FNDA:1,(anonymous_0)
FNDA:1,(anonymous_1)
FNDA:20,(anonymous_2)
FNDA:1,(anonymous_3)
FNDA:6,(anonymous_4)
FNDA:17,(anonymous_5)
FNDA:1,(anonymous_6)
FNDA:3,(anonymous_7)
FNDA:12,(anonymous_8)
FNDA:4,(anonymous_9)
FNDA:4,(anonymous_10)
FNDA:41,(anonymous_11)
FNDA:2,(anonymous_12)
DA:22,1
DA:23,1
DA:24,1
DA:25,1
DA:35,1
DA:36,1
DA:38,1
DA:62,20
DA:64,1
DA:65,1
DA:69,20
DA:72,20
DA:78,20
DA:79,3
DA:80,1
DA:82,3
DA:85,20
DA:101,6
DA:102,6
DA:103,2
DA:104,2
DA:108,6
DA:111,6
DA:112,5
DA:130,17
DA:131,1
DA:133,17
DA:136,17
DA:139,17
DA:142,17
DA:143,15
DA:156,1
DA:166,3
DA:175,12
DA:198,4
DA:199,4
DA:200,4
DA:201,4
DA:202,4
DA:213,41
DA:214,6
DA:215,6
DA:217,0
DA:235,2
DA:236,2
DA:237,1
DA:241,1
DA:249,1
DA:250,1
LF:49
LH:48
BRDA:35,0,0,1
BRDA:35,0,1,0
BRDA:62,1,0,1
BRDA:62,1,1,19
BRDA:78,2,0,3
BRDA:78,2,1,17
BRDA:78,3,0,20
BRDA:78,3,1,3
BRDA:102,4,0,2
BRDA:102,4,1,4
BRDA:111,5,0,5
BRDA:111,5,1,1
BRDA:201,6,0,4
BRDA:201,6,1,0
BRDA:236,7,0,1
BRDA:236,7,1,1
BRF:16
BRH:14
end_of_record
TN:
SF:src/lib/services/append-service.ts
FN:22,(anonymous_0)
FN:35,(anonymous_1)
FN:85,(anonymous_2)
FN:115,(anonymous_3)
FN:121,(anonymous_4)
FN:169,(anonymous_5)
FN:176,(anonymous_6)
FNF:7
FNH:0
FNDA:0,(anonymous_0)
FNDA:0,(anonymous_1)
FNDA:0,(anonymous_2)
FNDA:0,(anonymous_3)
FNDA:0,(anonymous_4)
FNDA:0,(anonymous_5)
FNDA:0,(anonymous_6)
DA:13,0
DA:23,0
DA:24,0
DA:42,0
DA:43,0
DA:44,0
DA:47,0
DA:48,0
DA:51,0
DA:52,0
DA:55,0
DA:56,0
DA:59,0
DA:60,0
DA:62,0
DA:68,0
DA:69,0
DA:70,0
DA:72,0
DA:86,0
DA:89,0
DA:92,0
DA:93,0
DA:94,0
DA:97,0
DA:99,0
DA:102,0
DA:105,0
DA:120,0
DA:121,0
DA:123,0
DA:124,0
DA:125,0
DA:127,0
DA:136,0
DA:138,0
DA:139,0
DA:140,0
DA:143,0
DA:144,0
DA:147,0
DA:148,0
DA:151,0
DA:153,0
DA:154,0
DA:157,0
DA:175,0
DA:176,0
DA:178,0
DA:179,0
DA:180,0
DA:182,0
DA:193,0
DA:195,0
DA:196,0
DA:197,0
DA:200,0
DA:201,0
DA:204,0
DA:206,0
DA:207,0
DA:210,0
DA:219,0
LF:63
LH:0
BRDA:22,0,0,0
BRDA:22,1,0,0
BRDA:68,2,0,0
BRDA:68,2,1,0
BRDA:97,3,0,0
BRDA:97,3,1,0
BRDA:138,4,0,0
BRDA:138,4,1,0
BRDA:147,5,0,0
BRDA:147,5,1,0
BRDA:153,6,0,0
BRDA:153,6,1,0
BRDA:195,7,0,0
BRDA:195,7,1,0
BRDA:206,8,0,0
BRDA:206,8,1,0
BRF:16
BRH:0
end_of_record
TN:
SF:src/lib/services/deduplication-service.ts
FN:24,(anonymous_0)
FN:36,(anonymous_1)
FN:64,(anonymous_2)
FN:111,(anonymous_3)
FN:115,(anonymous_4)
FN:127,(anonymous_5)
FN:133,(anonymous_6)
FNF:7
FNH:7
FNDA:11,(anonymous_0)
FNDA:10,(anonymous_1)
FNDA:1,(anonymous_2)
FNDA:4,(anonymous_3)
FNDA:4,(anonymous_4)
FNDA:4,(anonymous_5)
FNDA:3,(anonymous_6)
DA:9,1
DA:15,1
DA:25,11
DA:26,11
DA:37,10
DA:39,10
DA:41,10
DA:42,10
DA:43,10
DA:44,10
DA:47,10
DA:60,10
DA:63,10
DA:64,10
DA:66,10
DA:68,10
DA:69,10
DA:71,10
DA:85,8
DA:87,8
DA:90,8
DA:91,1
DA:92,1
DA:95,1
DA:102,7
DA:103,7
DA:105,7
DA:106,7
DA:107,7
DA:110,7
DA:111,4
DA:112,4
DA:115,4
DA:121,7
DA:122,4
DA:124,4
DA:127,4
DA:128,4
DA:133,4
DA:134,4
DA:136,4
DA:144,4
DA:146,4
DA:151,3
DA:153,3
DA:159,2
DA:162,2
DA:163,1
DA:164,1
DA:170,1
DA:175,1
DA:176,1
DA:177,1
DA:179,1
DA:191,1
LF:55
LH:55
BRDA:24,0,0,1
BRDA:24,1,0,1
BRDA:90,2,0,1
BRDA:90,2,1,7
BRDA:106,3,0,7
BRDA:106,3,1,3
BRDA:110,4,0,4
BRDA:110,4,1,3
BRDA:110,5,0,7
BRDA:110,5,1,7
BRDA:121,6,0,4
BRDA:121,6,1,3
BRDA:121,7,0,7
BRDA:121,7,1,7
BRDA:127,8,0,4
BRDA:127,8,1,3
BRDA:128,9,0,1
BRDA:128,9,1,3
BRDA:134,10,0,4
BRDA:134,10,1,1
BRDA:138,11,0,4
BRDA:138,11,1,1
BRDA:162,12,0,1
BRDA:162,12,1,1
BRDA:175,13,0,1
BRDA:175,13,1,0
BRF:26
BRH:25
end_of_record
TN:
SF:src/lib/services/tag-suggestion-service.ts
FN:40,(anonymous_0)
FN:47,(anonymous_1)
FN:53,(anonymous_2)
FN:59,(anonymous_3)
FN:84,(anonymous_4)
FN:91,(anonymous_5)
FN:98,(anonymous_6)
FN:99,(anonymous_7)
FN:100,(anonymous_8)
FN:109,(anonymous_9)
FN:127,(anonymous_10)
FN:128,(anonymous_11)
FN:129,(anonymous_12)
FN:130,(anonymous_13)
FN:134,(anonymous_14)
FN:140,(anonymous_15)
FN:142,(anonymous_16)
FN:159,(anonymous_17)
FNF:18
FNH:0
FNDA:0,(anonymous_0)
FNDA:0,(anonymous_1)
FNDA:0,(anonymous_2)
FNDA:0,(anonymous_3)
FNDA:0,(anonymous_4)
FNDA:0,(anonymous_5)
FNDA:0,(anonymous_6)
FNDA:0,(anonymous_7)
FNDA:0,(anonymous_8)
FNDA:0,(anonymous_9)
FNDA:0,(anonymous_10)
FNDA:0,(anonymous_11)
FNDA:0,(anonymous_12)
FNDA:0,(anonymous_13)
FNDA:0,(anonymous_14)
FNDA:0,(anonymous_15)
FNDA:0,(anonymous_16)
FNDA:0,(anonymous_17)
DA:10,0
DA:17,0
DA:32,0
DA:41,0
DA:42,0
DA:44,0
DA:46,0
DA:47,0
DA:48,0
DA:52,0
DA:53,0
DA:54,0
DA:58,0
DA:59,0
DA:60,0
DA:64,0
DA:66,0
DA:67,0
DA:68,0
DA:69,0
DA:71,0
DA:73,0
DA:74,0
DA:85,0
DA:92,0
DA:93,0
DA:97,0
DA:98,0
DA:99,0
DA:100,0
DA:102,0
DA:103,0
DA:110,0
DA:112,0
DA:114,0
DA:115,0
DA:117,0
DA:118,0
DA:122,0
DA:123,0
DA:127,0
DA:128,0
DA:129,0
DA:130,0
DA:133,0
DA:134,0
DA:135,0
DA:139,0
DA:140,0
DA:142,0
DA:144,0
DA:145,0
DA:146,0
DA:148,0
DA:150,0
DA:151,0
DA:160,0
DA:161,0
DA:162,0
DA:165,0
DA:167,0
DA:168,0
DA:169,0
DA:170,0
DA:172,0
DA:173,0
DA:174,0
DA:175,0
DA:176,0
DA:179,0
DA:182,0
LF:71
LH:0
BRDA:92,0,0,0
BRDA:92,0,1,0
BRDA:92,1,0,0
BRDA:92,1,1,0
BRDA:99,2,0,0
BRDA:99,2,1,0
BRDA:114,3,0,0
BRDA:114,3,1,0
BRDA:115,4,0,0
BRDA:115,4,1,0
BRDA:115,4,2,0
BRDA:117,5,0,0
BRDA:117,5,1,0
BRDA:117,6,0,0
BRDA:117,6,1,0
BRDA:135,7,0,0
BRDA:135,7,1,0
BRDA:169,8,0,0
BRDA:169,8,1,0
BRDA:170,9,0,0
BRDA:170,9,1,0
BRDA:173,10,0,0
BRDA:173,10,1,0
BRDA:173,11,0,0
BRDA:173,11,1,0
BRDA:179,12,0,0
BRDA:179,12,1,0
BRF:27
BRH:0
end_of_record
TN:
SF:src/lib/storage/defaults.ts
FNF:0
FNH:0
DA:3,7
DA:8,7
DA:12,7
DA:20,7
DA:26,7
LF:5
LH:5
BRF:0
BRH:0
end_of_record
TN:
SF:src/lib/storage/schema.ts
FNF:0
FNH:0
DA:1,7
DA:2,7
DA:5,7
DA:11,7
DA:17,7
DA:27,7
DA:35,7
DA:41,7
DA:57,7
LF:9
LH:9
BRF:0
BRH:0
end_of_record
TN:
SF:src/lib/storage/settings-manager-v2.ts
FN:22,loadSettings
FN:53,saveSettings
FN:66,getDefaultSettings
FN:73,validateSettings
FN:147,migrateSettings
FN:166,validatePort
FN:178,validateMaxAttempts
FN:190,validateImageStrategy
FN:198,calculateBackoffIntervals
FN:217,loadCachedSpaces
FN:230,saveCachedSpaces
FNF:11
FNH:0
FNDA:0,loadSettings
FNDA:0,saveSettings
FNDA:0,getDefaultSettings
FNDA:0,validateSettings
FNDA:0,migrateSettings
FNDA:0,validatePort
FNDA:0,validateMaxAttempts
FNDA:0,validateImageStrategy
FNDA:0,calculateBackoffIntervals
FNDA:0,loadCachedSpaces
FNDA:0,saveCachedSpaces
DA:16,0
DA:22,0
DA:23,0
DA:24,0
DA:25,0
DA:27,0
DA:29,0
DA:33,0
DA:34,0
DA:35,0
DA:36,0
DA:40,0
DA:42,0
DA:44,0
DA:45,0
DA:53,0
DA:55,0
DA:56,0
DA:57,0
DA:60,0
DA:66,0
DA:67,0
DA:73,0
DA:74,0
DA:77,0
DA:78,0
DA:82,0
DA:83,0
DA:85,0
DA:86,0
DA:87,0
DA:88,0
DA:89,0
DA:95,0
DA:96,0
DA:98,0
DA:100,0
DA:101,0
DA:104,0
DA:105,0
DA:110,0
DA:111,0
DA:112,0
DA:113,0
DA:117,0
DA:118,0
DA:119,0
DA:120,0
DA:124,0
DA:125,0
DA:126,0
DA:127,0
DA:131,0
DA:132,0
DA:133,0
DA:134,0
DA:137,0
DA:147,0
DA:149,0
DA:150,0
DA:159,0
DA:160,0
DA:166,0
DA:167,0
DA:178,0
DA:179,0
DA:190,0
DA:191,0
DA:198,0
DA:199,0
DA:201,0
DA:202,0
DA:206,0
DA:207,0
DA:208,0
DA:211,0
DA:217,0
DA:218,0
DA:219,0
DA:220,0
DA:222,0
DA:223,0
DA:230,0
DA:231,0
LF:84
LH:0
BRDA:27,0,0,0
BRDA:27,0,1,0
BRDA:34,1,0,0
BRDA:34,1,1,0
BRDA:56,2,0,0
BRDA:56,2,1,0
BRDA:77,3,0,0
BRDA:77,3,1,0
BRDA:77,4,0,0
BRDA:77,4,1,0
BRDA:82,5,0,0
BRDA:82,5,1,0
BRDA:82,6,0,0
BRDA:82,6,1,0
BRDA:88,7,0,0
BRDA:88,7,1,0
BRDA:88,8,0,0
BRDA:88,8,1,0
BRDA:95,9,0,0
BRDA:95,9,1,0
BRDA:95,10,0,0
BRDA:95,10,1,0
BRDA:100,11,0,0
BRDA:100,11,1,0
BRDA:104,12,0,0
BRDA:104,12,1,0
BRDA:110,13,0,0
BRDA:110,13,1,0
BRDA:110,14,0,0
BRDA:110,14,1,0
BRDA:112,15,0,0
BRDA:112,15,1,0
BRDA:117,16,0,0
BRDA:117,16,1,0
BRDA:117,17,0,0
BRDA:117,17,1,0
BRDA:119,18,0,0
BRDA:119,18,1,0
BRDA:124,19,0,0
BRDA:124,19,1,0
BRDA:124,20,0,0
BRDA:124,20,1,0
BRDA:126,21,0,0
BRDA:126,21,1,0
BRDA:131,22,0,0
BRDA:131,22,1,0
BRDA:131,23,0,0
BRDA:131,23,1,0
BRDA:133,24,0,0
BRDA:133,24,1,0
BRDA:149,25,0,0
BRDA:149,25,1,0
BRDA:168,26,0,0
BRDA:168,26,1,0
BRDA:168,26,2,0
BRDA:168,26,3,0
BRDA:180,27,0,0
BRDA:180,27,1,0
BRDA:180,27,2,0
BRDA:180,27,3,0
BRDA:191,28,0,0
BRDA:191,28,1,0
BRDA:191,28,2,0
BRDA:201,29,0,0
BRDA:201,29,1,0
BRDA:220,30,0,0
BRDA:220,30,1,0
BRF:67
BRH:0
end_of_record
TN:
SF:src/lib/storage/storage-manager.ts
FN:11,(anonymous_0)
FN:13,(anonymous_1)
FN:24,(anonymous_2)
FN:64,(anonymous_3)
FN:78,(anonymous_4)
FN:81,(anonymous_5)
FN:83,(anonymous_6)
FN:84,(anonymous_7)
FN:98,(anonymous_8)
FN:99,(anonymous_9)
FN:111,(anonymous_10)
FN:112,(anonymous_11)
FN:115,(anonymous_12)
FN:116,(anonymous_13)
FN:123,(anonymous_14)
FN:124,(anonymous_15)
FN:127,(anonymous_16)
FN:128,(anonymous_17)
FN:135,(anonymous_18)
FN:142,(anonymous_19)
FN:160,(anonymous_20)
FN:167,(anonymous_21)
FN:174,(anonymous_22)
FN:181,(anonymous_23)
FN:188,(anonymous_24)
FN:197,(anonymous_25)
FN:206,(anonymous_26)
FN:208,(anonymous_27)
FN:209,(anonymous_28)
FN:210,(anonymous_29)
FN:219,(anonymous_30)
FN:220,(anonymous_31)
FN:227,(anonymous_32)
FN:236,(anonymous_33)
FN:237,(anonymous_34)
FN:240,(anonymous_35)
FN:241,(anonymous_36)
FNF:37
FNH:28
FNDA:30,(anonymous_0)
FNDA:32,(anonymous_1)
FNDA:13,(anonymous_2)
FNDA:13,(anonymous_3)
FNDA:12,(anonymous_4)
FNDA:1,(anonymous_5)
FNDA:12,(anonymous_6)
FNDA:12,(anonymous_7)
FNDA:0,(anonymous_8)
FNDA:1,(anonymous_9)
FNDA:1,(anonymous_10)
FNDA:1,(anonymous_11)
FNDA:0,(anonymous_12)
FNDA:0,(anonymous_13)
FNDA:1,(anonymous_14)
FNDA:1,(anonymous_15)
FNDA:0,(anonymous_16)
FNDA:0,(anonymous_17)
FNDA:14,(anonymous_18)
FNDA:13,(anonymous_19)
FNDA:2,(anonymous_20)
FNDA:1,(anonymous_21)
FNDA:1,(anonymous_22)
FNDA:1,(anonymous_23)
FNDA:2,(anonymous_24)
FNDA:1,(anonymous_25)
FNDA:1,(anonymous_26)
FNDA:1,(anonymous_27)
FNDA:1,(anonymous_28)
FNDA:1,(anonymous_29)
FNDA:0,(anonymous_30)
FNDA:0,(anonymous_31)
FNDA:2,(anonymous_32)
FNDA:1,(anonymous_33)
FNDA:1,(anonymous_34)
FNDA:0,(anonymous_35)
FNDA:0,(anonymous_36)
DA:1,7
DA:2,7
DA:4,7
DA:6,30
DA:7,30
DA:8,30
DA:9,30
DA:14,32
DA:15,30
DA:16,30
DA:18,32
DA:26,13
DA:27,13
DA:31,13
DA:32,13
DA:34,13
DA:35,9
DA:36,9
DA:58,4
DA:66,13
DA:67,13
DA:68,13
DA:69,13
DA:70,13
DA:71,1
DA:72,1
DA:73,1
DA:78,12
DA:79,12
DA:80,1
DA:81,1
DA:83,12
DA:84,12
DA:85,12
DA:86,1
DA:87,1
DA:88,1
DA:90,11
DA:98,12
DA:99,12
DA:102,12
DA:105,11
DA:112,1
DA:113,1
DA:115,1
DA:116,1
DA:117,1
DA:124,1
DA:125,1
DA:127,1
DA:128,1
DA:129,1
DA:136,14
DA:143,13
DA:149,13
DA:150,13
DA:152,13
DA:153,1
DA:161,2
DA:168,1
DA:175,1
DA:182,1
DA:189,2
DA:191,2
DA:199,1
DA:200,1
DA:208,1
DA:209,1
DA:210,1
DA:211,1
DA:212,0
DA:214,1
DA:219,1
DA:220,1
DA:221,1
DA:228,2
DA:229,2
DA:230,2
DA:237,1
DA:238,1
DA:240,1
DA:241,1
DA:242,1
LF:83
LH:82
BRDA:14,0,0,30
BRDA:14,0,1,2
BRDA:34,1,0,9
BRDA:34,1,1,4
BRDA:36,2,0,9
BRDA:36,2,1,0
BRDA:36,3,0,9
BRDA:36,3,1,9
BRDA:68,4,0,13
BRDA:68,4,1,0
BRDA:70,5,0,1
BRDA:70,5,1,12
BRDA:79,6,0,1
BRDA:79,6,1,11
BRDA:85,7,0,1
BRDA:85,7,1,11
BRDA:152,8,0,1
BRDA:152,8,1,12
BRDA:189,9,0,2
BRDA:189,9,1,0
BRDA:191,10,0,2
BRDA:191,10,1,0
BRDA:211,11,0,0
BRDA:211,11,1,1
BRF:24
BRH:19
end_of_record
TN:
SF:src/lib/storage/verify_manual.ts
FN:8,verifyStorageManager
FNF:1
FNH:0
FNDA:0,verifyStorageManager
DA:1,0
DA:8,0
DA:9,0
DA:10,0
DA:12,0
DA:14,0
DA:15,0
DA:16,0
DA:19,0
DA:20,0
DA:21,0
DA:22,0
DA:23,0
DA:26,0
DA:27,0
DA:28,0
DA:29,0
DA:32,0
DA:33,0
DA:34,0
DA:35,0
DA:36,0
DA:39,0
DA:40,0
DA:41,0
DA:42,0
DA:44,0
DA:46,0
LF:28
LH:0
BRF:0
BRH:0
end_of_record
TN:
SF:src/lib/tags/tag-service.ts
FN:17,(anonymous_0)
FN:22,(anonymous_1)
FN:33,(anonymous_2)
FN:44,(anonymous_3)
FN:80,(anonymous_4)
FN:148,(anonymous_5)
FN:158,(anonymous_6)
FN:174,(anonymous_7)
FN:224,(anonymous_8)
FN:237,(anonymous_9)
FN:245,(anonymous_10)
FN:270,(anonymous_11)
FN:283,(anonymous_12)
FNF:13
FNH:12
FNDA:2,(anonymous_0)
FNDA:9,(anonymous_1)
FNDA:5,(anonymous_2)
FNDA:4,(anonymous_3)
FNDA:3,(anonymous_4)
FNDA:2,(anonymous_5)
FNDA:1,(anonymous_6)
FNDA:1,(anonymous_7)
FNDA:5,(anonymous_8)
FNDA:2,(anonymous_9)
FNDA:1,(anonymous_10)
FNDA:3,(anonymous_11)
FNDA:0,(anonymous_12)
DA:1,3
DA:2,3
DA:4,3
DA:6,3
DA:12,3
DA:18,2
DA:19,2
DA:23,9
DA:24,2
DA:26,9
DA:34,5
DA:35,5
DA:36,4
DA:46,4
DA:48,4
DA:51,4
DA:52,4
DA:53,4
DA:55,4
DA:56,1
DA:61,3
DA:62,3
DA:63,0
DA:65,3
DA:68,3
DA:69,3
DA:71,0
DA:73,0
DA:81,3
DA:82,3
DA:83,2
DA:84,2
DA:87,2
DA:88,0
DA:89,0
DA:90,0
DA:91,0
DA:92,0
DA:93,0
DA:94,0
DA:99,2
DA:100,0
DA:104,2
DA:105,2
DA:110,2
DA:112,2
DA:115,1
DA:118,1
DA:120,1
DA:121,1
DA:122,1
DA:123,1
DA:124,1
DA:125,1
DA:128,1
DA:131,1
DA:132,1
DA:137,1
DA:139,1
DA:141,0
DA:144,0
DA:149,2
DA:150,2
DA:151,2
DA:152,2
DA:160,1
DA:162,1
DA:164,1
DA:166,1
DA:167,1
DA:169,0
DA:170,0
DA:175,1
DA:176,1
DA:180,1
DA:183,1
DA:184,1
DA:185,1
DA:186,1
DA:187,1
DA:190,1
DA:192,0
DA:193,0
DA:194,0
DA:195,0
DA:196,0
DA:197,0
DA:202,0
DA:205,0
DA:206,0
DA:207,0
DA:208,0
DA:209,0
DA:212,0
DA:214,0
DA:217,0
DA:226,5
DA:227,5
DA:228,0
DA:232,5
DA:233,5
DA:234,5
DA:237,2
DA:238,2
DA:239,0
DA:240,0
DA:241,0
DA:245,2
DA:246,1
DA:249,2
DA:250,1
DA:251,1
DA:252,1
DA:255,3
DA:259,4
DA:260,4
DA:264,0
DA:271,3
DA:274,3
DA:277,3
DA:280,0
DA:283,0
DA:284,0
DA:286,0
LF:124
LH:85
BRDA:23,0,0,2
BRDA:23,0,1,7
BRDA:35,1,0,4
BRDA:35,1,1,1
BRDA:35,2,0,5
BRDA:35,2,1,5
BRDA:44,3,0,4
BRDA:52,4,0,4
BRDA:52,4,1,0
BRDA:53,5,0,4
BRDA:53,5,1,0
BRDA:55,6,0,1
BRDA:55,6,1,3
BRDA:55,7,0,4
BRDA:55,7,1,1
BRDA:55,7,2,1
BRDA:62,8,0,0
BRDA:62,8,1,3
BRDA:62,9,0,3
BRDA:62,9,1,3
BRDA:87,10,0,0
BRDA:87,10,1,2
BRDA:87,11,0,2
BRDA:87,11,1,0
BRDA:91,12,0,0
BRDA:91,12,1,0
BRDA:99,13,0,0
BRDA:99,13,1,2
BRDA:104,14,0,2
BRDA:104,14,1,0
BRDA:115,15,0,1
BRDA:115,15,1,0
BRDA:115,15,2,0
BRDA:120,16,0,1
BRDA:120,16,1,0
BRDA:121,17,0,1
BRDA:121,17,1,0
BRDA:131,18,0,1
BRDA:131,18,1,0
BRDA:149,19,0,2
BRDA:149,19,1,0
BRDA:150,20,0,2
BRDA:150,20,1,0
BRDA:184,21,0,1
BRDA:184,21,1,0
BRDA:184,22,0,1
BRDA:184,22,1,1
BRDA:192,23,0,0
BRDA:192,23,1,0
BRDA:192,23,2,0
BRDA:193,24,0,0
BRDA:193,24,1,0
BRDA:194,25,0,0
BRDA:194,25,1,0
BRDA:206,26,0,0
BRDA:206,26,1,0
BRDA:206,27,0,0
BRDA:206,27,1,0
BRDA:227,28,0,0
BRDA:227,28,1,5
BRDA:227,29,0,5
BRDA:227,29,1,5
BRDA:227,29,2,0
BRDA:234,30,0,5
BRDA:234,30,1,0
BRDA:237,31,0,2
BRDA:237,31,1,2
BRDA:238,32,0,0
BRDA:238,32,1,2
BRDA:246,33,0,1
BRDA:246,33,1,1
BRDA:246,33,2,1
BRDA:249,34,0,1
BRDA:249,34,1,1
BRDA:259,35,0,4
BRDA:259,35,1,0
BRDA:271,36,0,0
BRDA:271,36,1,3
BRDA:274,37,0,0
BRDA:274,37,1,3
BRDA:277,38,0,3
BRDA:277,38,1,0
BRDA:277,39,0,3
BRDA:277,39,1,3
BRDA:280,40,0,0
BRDA:280,40,1,0
BRDA:280,41,0,0
BRDA:280,41,1,0
BRDA:284,42,0,0
BRDA:284,42,1,0
BRF:90
BRH:48
end_of_record
TN:
SF:src/lib/utils/constants.ts
FNF:0
FNH:0
DA:2,4
DA:3,4
DA:4,4
DA:5,4
DA:7,4
DA:15,4
DA:52,4
LF:7
LH:7
BRF:0
BRH:0
end_of_record
TN:
SF:src/lib/utils/date-parser.ts
FN:11,parseDate
FN:50,isReasonableDate
FNF:2
FNH:2
FNDA:46,parseDate
FNDA:4,isReasonableDate
DA:11,4
DA:12,46
DA:13,37
DA:16,9
DA:18,9
DA:20,9
DA:22,9
DA:25,2
DA:28,7
DA:31,7
DA:32,0
DA:36,7
DA:38,0
DA:39,0
DA:50,4
DA:51,4
DA:53,3
DA:54,3
DA:55,3
DA:58,3
DA:61,3
DA:63,3
DA:65,0
LF:23
LH:19
BRDA:12,0,0,37
BRDA:12,0,1,9
BRDA:12,1,0,46
BRDA:12,1,1,9
BRDA:22,2,0,2
BRDA:22,2,1,7
BRDA:31,3,0,0
BRDA:31,3,1,7
BRDA:51,4,0,1
BRDA:51,4,1,3
BRDA:63,5,0,3
BRDA:63,5,1,2
BRF:12
BRH:11
end_of_record
TN:
SF:src/lib/utils/domain-tag-mappings.ts
FN:50,getDomainTags
FN:81,getSupportedDomains
FN:90,isDomainSupported
FNF:3
FNH:0
FNDA:0,getDomainTags
FNDA:0,getSupportedDomains
FNDA:0,isDomainSupported
DA:16,0
DA:50,0
DA:51,0
DA:52,0
DA:53,0
DA:56,0
DA:57,0
DA:61,0
DA:62,0
DA:64,0
DA:65,0
DA:66,0
DA:70,0
DA:72,0
DA:73,0
DA:81,0
DA:82,0
DA:90,0
DA:91,0
LF:19
LH:0
BRDA:56,0,0,0
BRDA:56,0,1,0
BRDA:62,1,0,0
BRDA:62,1,1,0
BRDA:65,2,0,0
BRDA:65,2,1,0
BRF:6
BRH:0
end_of_record
TN:
SF:src/lib/utils/error-sanitizer.ts
FN:109,detectErrorType
FN:113,(anonymous_1)
FN:124,sanitizeMessage
FN:134,(anonymous_3)
FN:165,sanitizeError
FN:190,containsSensitiveData
FN:191,(anonymous_6)
FNF:7
FNH:7
FNDA:10,detectErrorType
FNDA:139,(anonymous_1)
FNDA:10,sanitizeMessage
FNDA:10,(anonymous_3)
FNDA:10,sanitizeError
FNDA:16,containsSensitiveData
FNDA:115,(anonymous_6)
DA:25,1
DA:50,1
DA:83,1
DA:110,10
DA:112,10
DA:113,139
DA:114,5
DA:118,5
DA:125,10
DA:128,10
DA:129,120
DA:133,10
DA:134,10
DA:135,10
DA:138,10
DA:139,1
DA:142,10
DA:165,1
DA:167,10
DA:170,10
DA:173,10
DA:175,10
DA:190,1
DA:191,115
LF:24
LH:24
BRDA:113,0,0,5
BRDA:113,0,1,26
BRDA:138,1,0,1
BRDA:138,1,1,9
BRDA:173,2,0,10
BRDA:173,2,1,0
BRF:6
BRH:5
end_of_record
TN:
SF:src/lib/utils/html-decoder.ts
FN:12,decodeHtml
FN:28,(anonymous_1)
FN:33,(anonymous_2)
FN:37,(anonymous_3)
FN:51,stripHtml
FNF:5
FNH:5
FNDA:53,decodeHtml
FNDA:9,(anonymous_1)
FNDA:2,(anonymous_2)
FNDA:2,(anonymous_3)
FNDA:3,stripHtml
DA:12,5
DA:13,53
DA:14,3
DA:19,50
DA:28,50
DA:29,9
DA:33,50
DA:34,2
DA:37,50
DA:38,2
DA:41,50
DA:51,5
DA:52,3
DA:55,3
DA:58,3
LF:15
LH:15
BRDA:13,0,0,3
BRDA:13,0,1,50
BRDA:29,1,0,9
BRDA:29,1,1,1
BRDA:52,2,0,0
BRDA:52,2,1,3
BRF:6
BRH:5
end_of_record
TN:
SF:src/lib/utils/markdown-converter.ts
FN:10,(anonymous_1)
FN:29,(anonymous_2)
FNF:2
FNH:0
FNDA:0,(anonymous_1)
FNDA:0,(anonymous_2)
DA:1,0
DA:7,0
DA:11,0
DA:20,0
DA:30,0
DA:32,0
DA:33,0
DA:35,0
DA:37,0
LF:9
LH:0
BRDA:30,0,0,0
BRDA:30,0,1,0
BRF:2
BRH:0
end_of_record
TN:
SF:src/lib/utils/timestamp-formatter.ts
FN:5,formatRelativeTime
FNF:1
FNH:1
FNDA:16,formatRelativeTime
DA:5,2
DA:6,16
DA:7,16
DA:9,16
DA:10,9
DA:13,7
DA:14,7
DA:15,2
DA:18,5
DA:19,5
DA:20,2
DA:23,3
DA:24,3
DA:25,2
DA:29,1
DA:30,1
LF:16
LH:16
BRDA:9,0,0,9
BRDA:9,0,1,7
BRDA:14,1,0,2
BRDA:14,1,1,5
BRDA:15,2,0,1
BRDA:15,2,1,1
BRDA:19,3,0,2
BRDA:19,3,1,3
BRDA:20,4,0,1
BRDA:20,4,1,1
BRDA:24,5,0,2
BRDA:24,5,1,1
BRDA:25,6,0,1
BRDA:25,6,1,1
BRF:14
BRH:14
end_of_record
TN:
SF:src/lib/utils/url-normalizer.ts
FN:12,normalizeUrl
FN:46,cleanUrlForDeduplication
FN:69,(anonymous_2)
FNF:3
FNH:3
FNDA:63,normalizeUrl
FNDA:18,cleanUrlForDeduplication
FNDA:180,(anonymous_2)
DA:12,7
DA:13,63
DA:14,34
DA:17,29
DA:19,29
DA:21,29
DA:22,8
DA:26,21
DA:27,1
DA:28,1
DA:32,20
DA:33,20
DA:35,0
DA:36,0
DA:46,7
DA:47,18
DA:48,18
DA:51,18
DA:54,18
DA:55,3
DA:59,18
DA:60,2
DA:64,18
DA:69,180
DA:72,18
DA:76,18
DA:78,18
DA:80,0
LF:28
LH:25
BRDA:13,0,0,34
BRDA:13,0,1,29
BRDA:13,1,0,63
BRDA:13,1,1,30
BRDA:21,2,0,8
BRDA:21,2,1,21
BRDA:21,3,0,29
BRDA:21,3,1,28
BRDA:21,3,2,22
BRDA:26,4,0,1
BRDA:26,4,1,20
BRDA:54,5,0,3
BRDA:54,5,1,15
BRDA:59,6,0,2
BRDA:59,6,1,16
BRDA:59,7,0,18
BRDA:59,7,1,4
BRF:17
BRH:17
end_of_record
TN:
SF:src/options/options.ts
FN:62,init
FN:85,populateForm
FN:110,(anonymous_2)
FN:123,(anonymous_3)
FN:129,(anonymous_4)
FN:139,fetchSpaces
FN:154,(anonymous_6)
FN:184,populateSpaceDropdowns
FN:193,(anonymous_8)
FN:200,(anonymous_9)
FN:212,updateRetrySchedule
FN:216,(anonymous_11)
FN:228,testConnection
FN:240,(anonymous_13)
FN:265,validateForm
FN:292,saveSettingsHandler
FN:323,(anonymous_16)
FN:359,clearAllDataHandler
FN:367,confirmClearHandler
FN:380,(anonymous_19)
FN:392,setupEventListeners
FN:397,(anonymous_21)
FN:412,(anonymous_22)
FN:418,(anonymous_23)
FN:429,showStatus
FN:436,(anonymous_25)
FN:445,showSpacesStatus
FN:452,(anonymous_27)
FN:461,showConnectionStatus
FN:468,(anonymous_29)
FNF:30
FNH:0
FNDA:0,init
FNDA:0,populateForm
FNDA:0,(anonymous_2)
FNDA:0,(anonymous_3)
FNDA:0,(anonymous_4)
FNDA:0,fetchSpaces
FNDA:0,(anonymous_6)
FNDA:0,populateSpaceDropdowns
FNDA:0,(anonymous_8)
FNDA:0,(anonymous_9)
FNDA:0,updateRetrySchedule
FNDA:0,(anonymous_11)
FNDA:0,testConnection
FNDA:0,(anonymous_13)
FNDA:0,validateForm
FNDA:0,saveSettingsHandler
FNDA:0,(anonymous_16)
FNDA:0,clearAllDataHandler
FNDA:0,confirmClearHandler
FNDA:0,(anonymous_19)
FNDA:0,setupEventListeners
FNDA:0,(anonymous_21)
FNDA:0,(anonymous_22)
FNDA:0,(anonymous_23)
FNDA:0,showStatus
FNDA:0,(anonymous_25)
FNDA:0,showSpacesStatus
FNDA:0,(anonymous_27)
FNDA:0,showConnectionStatus
FNDA:0,(anonymous_29)
DA:12,0
DA:14,0
DA:17,0
DA:63,0
DA:65,0
DA:68,0
DA:71,0
DA:74,0
DA:77,0
DA:78,0
DA:87,0
DA:88,0
DA:89,0
DA:90,0
DA:91,0
DA:94,0
DA:95,0
DA:96,0
DA:100,0
DA:101,0
DA:105,0
DA:106,0
DA:110,0
DA:111,0
DA:112,0
DA:117,0
DA:118,0
DA:122,0
DA:123,0
DA:124,0
DA:125,0
DA:129,0
DA:130,0
DA:131,0
DA:140,0
DA:141,0
DA:144,0
DA:146,0
DA:147,0
DA:150,0
DA:153,0
DA:154,0
DA:161,0
DA:164,0
DA:165,0
DA:168,0
DA:171,0
DA:172,0
DA:173,0
DA:174,0
DA:176,0
DA:185,0
DA:193,0
DA:194,0
DA:197,0
DA:200,0
DA:201,0
DA:202,0
DA:203,0
DA:204,0
DA:213,0
DA:215,0
DA:216,0
DA:217,0
DA:218,0
DA:219,0
DA:222,0
DA:229,0
DA:231,0
DA:232,0
DA:233,0
DA:236,0
DA:237,0
DA:239,0
DA:240,0
DA:242,0
DA:246,0
DA:248,0
DA:249,0
DA:251,0
DA:254,0
DA:255,0
DA:257,0
DA:266,0
DA:269,0
DA:270,0
DA:271,0
DA:272,0
DA:274,0
DA:278,0
DA:279,0
DA:280,0
DA:281,0
DA:283,0
DA:286,0
DA:293,0
DA:295,0
DA:296,0
DA:297,0
DA:300,0
DA:303,0
DA:323,0
DA:331,0
DA:334,0
DA:335,0
DA:336,0
DA:343,0
DA:344,0
DA:349,0
DA:351,0
DA:352,0
DA:361,0
DA:368,0
DA:369,0
DA:370,0
DA:373,0
DA:376,0
DA:377,0
DA:380,0
DA:381,0
DA:384,0
DA:385,0
DA:394,0
DA:397,0
DA:398,0
DA:399,0
DA:400,0
DA:405,0
DA:408,0
DA:411,0
DA:412,0
DA:413,0
DA:414,0
DA:418,0
DA:419,0
DA:423,0
DA:430,0
DA:432,0
DA:433,0
DA:435,0
DA:436,0
DA:437,0
DA:446,0
DA:448,0
DA:449,0
DA:451,0
DA:452,0
DA:453,0
DA:462,0
DA:464,0
DA:465,0
DA:467,0
DA:468,0
DA:469,0
DA:475,0
LF:155
LH:0
BRDA:87,0,0,0
BRDA:87,0,1,0
BRDA:87,1,0,0
BRDA:87,1,1,0
BRDA:88,2,0,0
BRDA:88,2,1,0
BRDA:88,3,0,0
BRDA:88,3,1,0
BRDA:89,4,0,0
BRDA:89,4,1,0
BRDA:89,5,0,0
BRDA:89,5,1,0
BRDA:90,6,0,0
BRDA:90,6,1,0
BRDA:90,7,0,0
BRDA:90,7,1,0
BRDA:91,8,0,0
BRDA:91,8,1,0
BRDA:91,9,0,0
BRDA:91,9,1,0
BRDA:94,10,0,0
BRDA:94,10,1,0
BRDA:100,11,0,0
BRDA:100,11,1,0
BRDA:105,12,0,0
BRDA:105,12,1,0
BRDA:111,13,0,0
BRDA:111,13,1,0
BRDA:117,14,0,0
BRDA:117,14,1,0
BRDA:124,15,0,0
BRDA:124,15,1,0
BRDA:125,16,0,0
BRDA:125,16,1,0
BRDA:130,17,0,0
BRDA:130,17,1,0
BRDA:131,18,0,0
BRDA:131,18,1,0
BRDA:146,19,0,0
BRDA:146,19,1,0
BRDA:146,20,0,0
BRDA:146,20,1,0
BRDA:147,21,0,0
BRDA:147,21,1,0
BRDA:150,22,0,0
BRDA:150,22,1,0
BRDA:157,23,0,0
BRDA:157,23,1,0
BRDA:172,24,0,0
BRDA:172,24,1,0
BRDA:172,25,0,0
BRDA:172,25,1,0
BRDA:194,26,0,0
BRDA:194,26,1,0
BRDA:213,27,0,0
BRDA:213,27,1,0
BRDA:217,28,0,0
BRDA:217,28,1,0
BRDA:218,29,0,0
BRDA:218,29,1,0
BRDA:231,30,0,0
BRDA:231,30,1,0
BRDA:248,31,0,0
BRDA:248,31,1,0
BRDA:254,32,0,0
BRDA:254,32,1,0
BRDA:254,33,0,0
BRDA:254,33,1,0
BRDA:270,34,0,0
BRDA:270,34,1,0
BRDA:279,35,0,0
BRDA:279,35,1,0
BRDA:295,36,0,0
BRDA:295,36,1,0
BRDA:306,37,0,0
BRDA:306,37,1,0
BRDA:307,38,0,0
BRDA:307,38,1,0
BRDA:308,39,0,0
BRDA:308,39,1,0
BRDA:309,40,0,0
BRDA:309,40,1,0
BRDA:310,41,0,0
BRDA:310,41,1,0
BRDA:323,42,0,0
BRDA:323,42,1,0
BRDA:339,43,0,0
BRDA:339,43,1,0
BRDA:399,44,0,0
BRDA:399,44,1,0
BRDA:430,45,0,0
BRDA:430,45,1,0
BRDA:435,46,0,0
BRDA:435,46,1,0
BRDA:446,47,0,0
BRDA:446,47,1,0
BRDA:451,48,0,0
BRDA:451,48,1,0
BRDA:462,49,0,0
BRDA:462,49,1,0
BRDA:467,50,0,0
BRDA:467,50,1,0
BRF:102
BRH:0
end_of_record
TN:
SF:src/popup/popup.ts
FN:78,loadSpaces
FN:110,(anonymous_11)
FN:152,persistSpaceSelection
FN:164,loadCurrentTab
FN:275,updateMetadataUI
FN:314,generateTagSuggestions
FN:328,handleSaveArticle
FN:332,handleSave
FN:347,(anonymous_18)
FN:347,(anonymous_19)
FN:453,(anonymous_20)
FN:453,(anonymous_21)
FN:478,showStatus
FN:489,showDuplicateDialog
FN:543,(anonymous_24)
FN:549,(anonymous_25)
FN:555,(anonymous_26)
FN:575,handleAppend
FN:666,switchView
FN:667,(anonymous_29)
FN:672,showError
FN:679,hideError
FN:684,handleConnect
FN:703,processAuthState
FN:721,handleVerify
FN:759,resetAuthUI
FN:772,handleDisconnect
FN:779,init
FN:788,(anonymous_38)
FN:792,(anonymous_39)
FN:793,(anonymous_40)
FN:840,loadQueue
FN:845,(anonymous_42)
FN:863,handleRetryQueueItem
FN:875,handleDeleteQueueItem
FN:887,initQueueUI
FN:897,(anonymous_46)
FN:906,(anonymous_47)
FN:912,(anonymous_48)
FN:920,(anonymous_49)
FNF:40
FNH:0
FNDA:0,loadSpaces
FNDA:0,(anonymous_11)
FNDA:0,persistSpaceSelection
FNDA:0,loadCurrentTab
FNDA:0,updateMetadataUI
FNDA:0,generateTagSuggestions
FNDA:0,handleSaveArticle
FNDA:0,handleSave
FNDA:0,(anonymous_18)
FNDA:0,(anonymous_19)
FNDA:0,(anonymous_20)
FNDA:0,(anonymous_21)
FNDA:0,showStatus
FNDA:0,showDuplicateDialog
FNDA:0,(anonymous_24)
FNDA:0,(anonymous_25)
FNDA:0,(anonymous_26)
FNDA:0,handleAppend
FNDA:0,switchView
FNDA:0,(anonymous_29)
FNDA:0,showError
FNDA:0,hideError
FNDA:0,handleConnect
FNDA:0,processAuthState
FNDA:0,handleVerify
FNDA:0,resetAuthUI
FNDA:0,handleDisconnect
FNDA:0,init
FNDA:0,(anonymous_38)
FNDA:0,(anonymous_39)
FNDA:0,(anonymous_40)
FNDA:0,loadQueue
FNDA:0,(anonymous_42)
FNDA:0,handleRetryQueueItem
FNDA:0,handleDeleteQueueItem
FNDA:0,initQueueUI
FNDA:0,(anonymous_46)
FNDA:0,(anonymous_47)
FNDA:0,(anonymous_48)
FNDA:0,(anonymous_49)
DA:1,0
DA:2,0
DA:3,0
DA:4,0
DA:5,0
DA:6,0
DA:7,0
DA:11,0
DA:17,0
DA:27,0
DA:57,0
DA:60,0
DA:61,0
DA:62,0
DA:63,0
DA:64,0
DA:65,0
DA:66,0
DA:67,0
DA:68,0
DA:79,0
DA:81,0
DA:83,0
DA:84,0
DA:87,0
DA:88,0
DA:91,0
DA:92,0
DA:93,0
DA:95,0
DA:96,0
DA:101,0
DA:102,0
DA:103,0
DA:104,0
DA:105,0
DA:106,0
DA:110,0
DA:111,0
DA:112,0
DA:113,0
DA:114,0
DA:118,0
DA:119,0
DA:120,0
DA:124,0
DA:125,0
DA:129,0
DA:132,0
DA:133,0
DA:137,0
DA:138,0
DA:140,0
DA:141,0
DA:144,0
DA:145,0
DA:147,0
DA:153,0
DA:154,0
DA:155,0
DA:156,0
DA:157,0
DA:165,0
DA:166,0
DA:167,0
DA:168,0
DA:172,0
DA:173,0
DA:174,0
DA:175,0
DA:178,0
DA:179,0
DA:180,0
DA:182,0
DA:183,0
DA:187,0
DA:188,0
DA:189,0
DA:190,0
DA:191,0
DA:192,0
DA:196,0
DA:199,0
DA:200,0
DA:201,0
DA:202,0
DA:203,0
DA:206,0
DA:210,0
DA:214,0
DA:215,0
DA:218,0
DA:219,0
DA:220,0
DA:222,0
DA:234,0
DA:237,0
DA:240,0
DA:241,0
DA:245,0
DA:246,0
DA:247,0
DA:248,0
DA:249,0
DA:253,0
DA:255,0
DA:258,0
DA:259,0
DA:260,0
DA:261,0
DA:262,0
DA:263,0
DA:267,0
DA:268,0
DA:271,0
DA:276,0
DA:278,0
DA:279,0
DA:280,0
DA:284,0
DA:285,0
DA:287,0
DA:288,0
DA:289,0
DA:290,0
DA:291,0
DA:292,0
DA:295,0
DA:296,0
DA:297,0
DA:298,0
DA:299,0
DA:300,0
DA:303,0
DA:304,0
DA:306,0
DA:315,0
DA:316,0
DA:319,0
DA:320,0
DA:321,0
DA:323,0
DA:329,0
DA:333,0
DA:334,0
DA:335,0
DA:338,0
DA:339,0
DA:340,0
DA:341,0
DA:344,0
DA:345,0
DA:346,0
DA:347,0
DA:350,0
DA:351,0
DA:352,0
DA:354,0
DA:355,0
DA:358,0
DA:359,0
DA:361,0
DA:362,0
DA:369,0
DA:372,0
DA:381,0
DA:382,0
DA:385,0
DA:386,0
DA:387,0
DA:388,0
DA:389,0
DA:390,0
DA:393,0
DA:400,0
DA:405,0
DA:407,0
DA:408,0
DA:409,0
DA:412,0
DA:413,0
DA:417,0
DA:418,0
DA:428,0
DA:432,0
DA:435,0
DA:446,0
DA:450,0
DA:453,0
DA:454,0
DA:456,0
DA:467,0
DA:468,0
DA:469,0
DA:471,0
DA:472,0
DA:473,0
DA:479,0
DA:480,0
DA:481,0
DA:482,0
DA:491,0
DA:492,0
DA:506,0
DA:507,0
DA:516,0
DA:535,0
DA:536,0
DA:539,0
DA:540,0
DA:541,0
DA:543,0
DA:544,0
DA:545,0
DA:546,0
DA:549,0
DA:550,0
DA:551,0
DA:552,0
DA:555,0
DA:556,0
DA:557,0
DA:558,0
DA:561,0
DA:562,0
DA:563,0
DA:565,0
DA:566,0
DA:567,0
DA:576,0
DA:577,0
DA:578,0
DA:581,0
DA:582,0
DA:583,0
DA:584,0
DA:587,0
DA:589,0
DA:590,0
DA:592,0
DA:594,0
DA:595,0
DA:596,0
DA:598,0
DA:599,0
DA:600,0
DA:602,0
DA:604,0
DA:605,0
DA:606,0
DA:607,0
DA:611,0
DA:615,0
DA:623,0
DA:633,0
DA:634,0
DA:640,0
DA:644,0
DA:645,0
DA:648,0
DA:649,0
DA:650,0
DA:652,0
DA:653,0
DA:654,0
DA:662,0
DA:667,0
DA:668,0
DA:673,0
DA:674,0
DA:675,0
DA:680,0
DA:686,0
DA:687,0
DA:688,0
DA:689,0
DA:693,0
DA:694,0
DA:695,0
DA:698,0
DA:700,0
DA:704,0
DA:705,0
DA:706,0
DA:707,0
DA:710,0
DA:712,0
DA:713,0
DA:714,0
DA:717,0
DA:722,0
DA:723,0
DA:724,0
DA:725,0
DA:728,0
DA:729,0
DA:730,0
DA:731,0
DA:734,0
DA:736,0
DA:740,0
DA:741,0
DA:742,0
DA:745,0
DA:746,0
DA:747,0
DA:749,0
DA:750,0
DA:751,0
DA:752,0
DA:760,0
DA:761,0
DA:762,0
DA:763,0
DA:764,0
DA:765,0
DA:766,0
DA:767,0
DA:769,0
DA:773,0
DA:774,0
DA:775,0
DA:780,0
DA:781,0
DA:784,0
DA:785,0
DA:788,0
DA:789,0
DA:790,0
DA:792,0
DA:795,0
DA:796,0
DA:799,0
DA:800,0
DA:804,0
DA:805,0
DA:807,0
DA:811,0
DA:812,0
DA:813,0
DA:815,0
DA:818,0
DA:819,0
DA:820,0
DA:824,0
DA:825,0
DA:826,0
DA:827,0
DA:832,0
DA:833,0
DA:834,0
DA:841,0
DA:842,0
DA:845,0
DA:846,0
DA:847,0
DA:848,0
DA:849,0
DA:856,0
DA:858,0
DA:864,0
DA:865,0
DA:869,0
DA:871,0
DA:876,0
DA:877,0
DA:881,0
DA:883,0
DA:888,0
DA:889,0
DA:894,0
DA:897,0
DA:898,0
DA:899,0
DA:906,0
DA:907,0
DA:908,0
DA:909,0
DA:910,0
DA:911,0
DA:912,0
DA:913,0
DA:914,0
DA:916,0
DA:920,0
DA:921,0
DA:924,0
DA:925,0
DA:933,0
DA:934,0
DA:935,0
DA:936,0
LF:392
LH:0
BRDA:83,0,0,0
BRDA:83,0,1,0
BRDA:83,1,0,0
BRDA:83,1,1,0
BRDA:84,2,0,0
BRDA:84,2,1,0
BRDA:91,3,0,0
BRDA:91,3,1,0
BRDA:95,4,0,0
BRDA:95,4,1,0
BRDA:101,5,0,0
BRDA:101,5,1,0
BRDA:105,6,0,0
BRDA:105,6,1,0
BRDA:113,7,0,0
BRDA:113,7,1,0
BRDA:119,8,0,0
BRDA:119,8,1,0
BRDA:119,9,0,0
BRDA:119,9,1,0
BRDA:124,10,0,0
BRDA:124,10,1,0
BRDA:124,11,0,0
BRDA:124,11,1,0
BRDA:124,11,2,0
BRDA:132,12,0,0
BRDA:132,12,1,0
BRDA:132,13,0,0
BRDA:132,13,1,0
BRDA:138,14,0,0
BRDA:138,14,1,0
BRDA:140,15,0,0
BRDA:140,15,1,0
BRDA:144,16,0,0
BRDA:144,16,1,0
BRDA:144,17,0,0
BRDA:144,17,1,0
BRDA:154,18,0,0
BRDA:154,18,1,0
BRDA:156,19,0,0
BRDA:156,19,1,0
BRDA:167,20,0,0
BRDA:167,20,1,0
BRDA:173,21,0,0
BRDA:173,21,1,0
BRDA:180,22,0,0
BRDA:180,22,1,0
BRDA:182,23,0,0
BRDA:182,23,1,0
BRDA:187,24,0,0
BRDA:187,24,1,0
BRDA:188,25,0,0
BRDA:188,25,1,0
BRDA:188,26,0,0
BRDA:188,26,1,0
BRDA:188,26,2,0
BRDA:189,27,0,0
BRDA:189,27,1,0
BRDA:190,28,0,0
BRDA:190,28,1,0
BRDA:191,29,0,0
BRDA:191,29,1,0
BRDA:201,30,0,0
BRDA:201,30,1,0
BRDA:201,31,0,0
BRDA:201,31,1,0
BRDA:214,32,0,0
BRDA:214,32,1,0
BRDA:214,33,0,0
BRDA:214,33,1,0
BRDA:219,34,0,0
BRDA:219,34,1,0
BRDA:219,35,0,0
BRDA:219,35,1,0
BRDA:219,35,2,0
BRDA:225,36,0,0
BRDA:225,36,1,0
BRDA:240,37,0,0
BRDA:240,37,1,0
BRDA:246,38,0,0
BRDA:246,38,1,0
BRDA:246,39,0,0
BRDA:246,39,1,0
BRDA:255,40,0,0
BRDA:255,40,1,0
BRDA:255,41,0,0
BRDA:255,41,1,0
BRDA:260,42,0,0
BRDA:260,42,1,0
BRDA:260,43,0,0
BRDA:260,43,1,0
BRDA:267,44,0,0
BRDA:267,44,1,0
BRDA:268,45,0,0
BRDA:268,45,1,0
BRDA:268,46,0,0
BRDA:268,46,1,0
BRDA:276,47,0,0
BRDA:276,47,1,0
BRDA:278,48,0,0
BRDA:278,48,1,0
BRDA:278,49,0,0
BRDA:278,49,1,0
BRDA:279,50,0,0
BRDA:279,50,1,0
BRDA:279,51,0,0
BRDA:279,51,1,0
BRDA:284,52,0,0
BRDA:284,52,1,0
BRDA:287,53,0,0
BRDA:287,53,1,0
BRDA:287,54,0,0
BRDA:287,54,1,0
BRDA:291,55,0,0
BRDA:291,55,1,0
BRDA:295,56,0,0
BRDA:295,56,1,0
BRDA:295,57,0,0
BRDA:295,57,1,0
BRDA:299,58,0,0
BRDA:299,58,1,0
BRDA:303,59,0,0
BRDA:303,59,1,0
BRDA:315,60,0,0
BRDA:315,60,1,0
BRDA:315,61,0,0
BRDA:315,61,1,0
BRDA:315,61,2,0
BRDA:315,61,3,0
BRDA:332,62,0,0
BRDA:332,63,0,0
BRDA:333,64,0,0
BRDA:333,64,1,0
BRDA:333,65,0,0
BRDA:333,65,1,0
BRDA:339,66,0,0
BRDA:339,66,1,0
BRDA:344,67,0,0
BRDA:344,67,1,0
BRDA:344,67,2,0
BRDA:345,68,0,0
BRDA:345,68,1,0
BRDA:346,69,0,0
BRDA:346,69,1,0
BRDA:347,70,0,0
BRDA:347,70,1,0
BRDA:350,71,0,0
BRDA:350,71,1,0
BRDA:351,72,0,0
BRDA:351,72,1,0
BRDA:352,73,0,0
BRDA:352,73,1,0
BRDA:354,74,0,0
BRDA:354,74,1,0
BRDA:361,75,0,0
BRDA:361,75,1,0
BRDA:381,76,0,0
BRDA:381,76,1,0
BRDA:385,77,0,0
BRDA:385,77,1,0
BRDA:405,78,0,0
BRDA:405,78,1,0
BRDA:405,79,0,0
BRDA:405,79,1,0
BRDA:407,80,0,0
BRDA:407,80,1,0
BRDA:407,81,0,0
BRDA:407,81,1,0
BRDA:417,82,0,0
BRDA:417,82,1,0
BRDA:428,83,0,0
BRDA:428,83,1,0
BRDA:428,84,0,0
BRDA:428,84,1,0
BRDA:432,85,0,0
BRDA:432,85,1,0
BRDA:433,86,0,0
BRDA:433,86,1,0
BRDA:446,87,0,0
BRDA:446,87,1,0
BRDA:467,88,0,0
BRDA:467,88,1,0
BRDA:469,89,0,0
BRDA:469,89,1,0
BRDA:471,90,0,0
BRDA:471,90,1,0
BRDA:479,91,0,0
BRDA:479,91,1,0
BRDA:481,92,0,0
BRDA:481,92,1,0
BRDA:561,93,0,0
BRDA:561,93,1,0
BRDA:563,94,0,0
BRDA:563,94,1,0
BRDA:565,95,0,0
BRDA:565,95,1,0
BRDA:576,96,0,0
BRDA:576,96,1,0
BRDA:576,97,0,0
BRDA:576,97,1,0
BRDA:582,98,0,0
BRDA:582,98,1,0
BRDA:592,99,0,0
BRDA:592,99,1,0
BRDA:595,100,0,0
BRDA:595,100,1,0
BRDA:595,101,0,0
BRDA:595,101,1,0
BRDA:596,102,0,0
BRDA:596,102,1,0
BRDA:596,103,0,0
BRDA:596,103,1,0
BRDA:599,104,0,0
BRDA:599,104,1,0
BRDA:602,105,0,0
BRDA:602,105,1,0
BRDA:602,106,0,0
BRDA:602,106,1,0
BRDA:606,107,0,0
BRDA:606,107,1,0
BRDA:611,108,0,0
BRDA:611,108,1,0
BRDA:617,109,0,0
BRDA:617,109,1,0
BRDA:617,109,2,0
BRDA:619,110,0,0
BRDA:619,110,1,0
BRDA:619,111,0,0
BRDA:619,111,1,0
BRDA:633,112,0,0
BRDA:633,112,1,0
BRDA:633,113,0,0
BRDA:633,113,1,0
BRDA:635,114,0,0
BRDA:635,114,1,0
BRDA:636,115,0,0
BRDA:636,115,1,0
BRDA:640,116,0,0
BRDA:640,116,1,0
BRDA:645,117,0,0
BRDA:645,117,1,0
BRDA:648,118,0,0
BRDA:648,118,1,0
BRDA:650,119,0,0
BRDA:650,119,1,0
BRDA:652,120,0,0
BRDA:652,120,1,0
BRDA:673,121,0,0
BRDA:673,121,1,0
BRDA:686,122,0,0
BRDA:686,122,1,0
BRDA:704,123,0,0
BRDA:704,123,1,0
BRDA:705,124,0,0
BRDA:705,124,1,0
BRDA:710,125,0,0
BRDA:710,125,1,0
BRDA:714,126,0,0
BRDA:714,126,1,0
BRDA:723,127,0,0
BRDA:723,127,1,0
BRDA:723,128,0,0
BRDA:723,128,1,0
BRDA:729,129,0,0
BRDA:729,129,1,0
BRDA:736,130,0,0
BRDA:736,130,1,0
BRDA:740,131,0,0
BRDA:740,131,1,0
BRDA:749,132,0,0
BRDA:749,132,1,0
BRDA:750,133,0,0
BRDA:750,133,1,0
BRDA:764,134,0,0
BRDA:764,134,1,0
BRDA:765,135,0,0
BRDA:765,135,1,0
BRDA:769,136,0,0
BRDA:769,136,1,0
BRDA:789,137,0,0
BRDA:789,137,1,0
BRDA:789,138,0,0
BRDA:789,138,1,0
BRDA:799,139,0,0
BRDA:799,139,1,0
BRDA:799,140,0,0
BRDA:799,140,1,0
BRDA:807,141,0,0
BRDA:807,141,1,0
BRDA:818,142,0,0
BRDA:818,142,1,0
BRDA:825,143,0,0
BRDA:825,143,1,0
BRDA:825,144,0,0
BRDA:825,144,1,0
BRDA:841,145,0,0
BRDA:841,145,1,0
BRDA:848,146,0,0
BRDA:848,146,1,0
BRDA:848,147,0,0
BRDA:848,147,1,0
BRDA:848,147,2,0
BRDA:888,148,0,0
BRDA:888,148,1,0
BRDA:898,149,0,0
BRDA:898,149,1,0
BRDA:898,150,0,0
BRDA:898,150,1,0
BRDA:913,151,0,0
BRDA:913,151,1,0
BRDA:924,152,0,0
BRDA:924,152,1,0
BRDA:924,153,0,0
BRDA:924,153,1,0
BRDA:924,153,2,0
BRDA:935,154,0,0
BRDA:935,154,1,0
BRDA:935,155,0,0
BRDA:935,155,1,0
BRF:319
BRH:0
end_of_record
TN:
SF:src/popup/components/QueueItem.ts
FN:10,(anonymous_0)
FN:13,(anonymous_1)
FN:81,(anonymous_2)
FN:95,(anonymous_3)
FN:112,(anonymous_4)
FN:114,(anonymous_5)
FN:119,(anonymous_6)
FN:129,(anonymous_7)
FN:138,(anonymous_8)
FNF:9
FNH:5
FNDA:8,(anonymous_0)
FNDA:8,(anonymous_1)
FNDA:0,(anonymous_2)
FNDA:0,(anonymous_3)
FNDA:0,(anonymous_4)
FNDA:0,(anonymous_5)
FNDA:8,(anonymous_6)
FNDA:8,(anonymous_7)
FNDA:20,(anonymous_8)
DA:1,1
DA:2,1
DA:10,1
DA:11,8
DA:14,8
DA:16,8
DA:17,8
DA:18,8
DA:20,8
DA:24,8
DA:25,8
DA:26,8
DA:27,8
DA:28,8
DA:30,8
DA:31,8
DA:32,4
DA:35,8
DA:79,8
DA:80,4
DA:81,4
DA:82,0
DA:83,0
DA:84,0
DA:85,0
DA:86,0
DA:88,0
DA:93,8
DA:94,4
DA:95,4
DA:96,0
DA:97,0
DA:98,0
DA:99,0
DA:100,0
DA:101,0
DA:103,0
DA:109,8
DA:113,0
DA:114,0
DA:115,0
DA:120,8
DA:121,4
DA:122,0
DA:123,0
DA:124,4
DA:125,0
DA:130,8
DA:131,4
DA:132,0
DA:133,4
DA:134,0
DA:139,20
DA:140,20
DA:141,20
LF:55
LH:34
BRDA:20,0,0,0
BRDA:20,0,1,8
BRDA:27,1,0,8
BRDA:27,1,1,4
BRDA:31,2,0,4
BRDA:31,2,1,4
BRDA:38,3,0,8
BRDA:38,3,1,0
BRDA:39,4,0,8
BRDA:39,4,1,0
BRDA:43,5,0,0
BRDA:43,5,1,8
BRDA:54,6,0,4
BRDA:54,6,1,4
BRDA:54,7,0,8
BRDA:54,7,1,4
BRDA:55,8,0,4
BRDA:55,8,1,4
BRDA:55,9,0,8
BRDA:55,9,1,4
BRDA:57,10,0,4
BRDA:57,10,1,0
BRDA:58,11,0,0
BRDA:58,11,1,4
BRDA:66,12,0,4
BRDA:66,12,1,0
BRDA:67,13,0,0
BRDA:67,13,1,4
BRDA:79,14,0,4
BRDA:79,14,1,4
BRDA:93,15,0,4
BRDA:93,15,1,4
BRDA:97,16,0,0
BRDA:97,16,1,0
BRDA:120,17,0,4
BRDA:120,17,1,0
BRDA:120,17,2,0
BRDA:120,17,3,4
BRDA:120,17,4,0
BRDA:130,18,0,4
BRDA:130,18,1,0
BRDA:130,18,2,4
BRDA:130,18,3,0
BRF:43
BRH:28
end_of_record
TN:
SF:src/popup/components/QueueItemList.ts
FN:11,(anonymous_0)
FN:20,(anonymous_1)
FN:26,(anonymous_2)
FNF:3
FNH:3
FNDA:4,(anonymous_0)
FNDA:4,(anonymous_1)
FNDA:8,(anonymous_2)
DA:2,1
DA:10,1
DA:12,4
DA:14,4
DA:15,0
DA:16,0
DA:20,4
DA:24,4
DA:26,4
DA:27,8
DA:28,8
LF:11
LH:9
BRDA:14,0,0,0
BRDA:14,0,1,4
BRF:2
BRH:1
end_of_record
TN:
SF:src/popup/components/QueueStatusSection.ts
FN:16,(anonymous_0)
FN:28,(anonymous_1)
FN:33,(anonymous_2)
FN:39,(anonymous_3)
FN:50,(anonymous_4)
FN:68,(anonymous_5)
FNF:6
FNH:5
FNDA:5,(anonymous_0)
FNDA:0,(anonymous_1)
FNDA:1,(anonymous_2)
FNDA:6,(anonymous_3)
FNDA:10,(anonymous_4)
FNDA:1,(anonymous_5)
DA:1,1
DA:2,1
DA:10,1
DA:12,5
DA:17,5
DA:18,5
DA:19,5
DA:22,5
DA:23,5
DA:24,0
DA:29,0
DA:30,0
DA:34,1
DA:35,1
DA:36,1
DA:40,6
DA:41,1
DA:42,1
DA:43,1
DA:46,5
DA:47,5
DA:49,5
DA:50,10
DA:53,5
DA:67,5
DA:68,5
DA:70,5
DA:71,4
DA:72,4
DA:73,4
LF:30
LH:27
BRDA:23,0,0,0
BRDA:23,0,1,5
BRDA:40,1,0,1
BRDA:40,1,1,5
BRDA:50,2,0,10
BRDA:50,2,1,5
BRDA:57,3,0,5
BRDA:57,3,1,0
BRDA:59,4,0,4
BRDA:59,4,1,1
BRDA:63,5,0,4
BRDA:63,5,1,1
BRDA:70,6,0,4
BRDA:70,6,1,1
BRDA:72,7,0,4
BRDA:72,7,1,0
BRF:16
BRH:13
end_of_record
TN:
SF:src/popup/components/notification.ts
FN:37,createNotificationElement
FN:98,(anonymous_1)
FN:117,(anonymous_2)
FN:127,(anonymous_3)
FN:145,(anonymous_4)
FN:153,(anonymous_5)
FN:166,(anonymous_6)
FN:183,(anonymous_7)
FN:198,(anonymous_8)
FN:208,(anonymous_9)
FN:216,(anonymous_10)
FN:224,(anonymous_11)
FN:226,(anonymous_12)
FN:230,(anonymous_13)
FN:238,(anonymous_14)
FN:247,(anonymous_15)
FNF:16
FNH:0
FNDA:0,createNotificationElement
FNDA:0,(anonymous_1)
FNDA:0,(anonymous_2)
FNDA:0,(anonymous_3)
FNDA:0,(anonymous_4)
FNDA:0,(anonymous_5)
FNDA:0,(anonymous_6)
FNDA:0,(anonymous_7)
FNDA:0,(anonymous_8)
FNDA:0,(anonymous_9)
FNDA:0,(anonymous_10)
FNDA:0,(anonymous_11)
FNDA:0,(anonymous_12)
FNDA:0,(anonymous_13)
FNDA:0,(anonymous_14)
FNDA:0,(anonymous_15)
DA:12,0
DA:22,0
DA:37,0
DA:42,0
DA:43,0
DA:44,0
DA:45,0
DA:46,0
DA:47,0
DA:50,0
DA:51,0
DA:52,0
DA:59,0
DA:60,0
DA:62,0
DA:63,0
DA:64,0
DA:66,0
DA:68,0
DA:69,0
DA:70,0
DA:71,0
DA:72,0
DA:76,0
DA:77,0
DA:78,0
DA:79,0
DA:80,0
DA:81,0
DA:82,0
DA:83,0
DA:85,0
DA:89,0
DA:90,0
DA:91,0
DA:93,0
DA:94,0
DA:95,0
DA:96,0
DA:97,0
DA:98,0
DA:99,0
DA:100,0
DA:102,0
DA:105,0
DA:109,0
DA:110,0
DA:111,0
DA:112,0
DA:117,0
DA:118,0
DA:122,0
DA:123,0
DA:124,0
DA:127,0
DA:128,0
DA:129,0
DA:133,0
DA:141,0
DA:146,0
DA:147,0
DA:154,0
DA:155,0
DA:156,0
DA:157,0
DA:158,0
DA:167,0
DA:169,0
DA:170,0
DA:172,0
DA:188,0
DA:191,0
DA:192,0
DA:194,0
DA:198,0
DA:199,0
DA:209,0
DA:210,0
DA:213,0
DA:216,0
DA:217,0
DA:225,0
DA:226,0
DA:227,0
DA:230,0
DA:231,0
DA:239,0
DA:248,0
DA:249,0
LF:89
LH:0
BRDA:45,0,0,0
BRDA:45,0,1,0
BRDA:68,1,0,0
BRDA:68,1,1,0
BRDA:76,2,0,0
BRDA:76,2,1,0
BRDA:81,3,0,0
BRDA:81,3,1,0
BRDA:89,4,0,0
BRDA:89,4,1,0
BRDA:89,5,0,0
BRDA:89,5,1,0
BRDA:95,6,0,0
BRDA:95,6,1,0
BRDA:128,7,0,0
BRDA:128,7,1,0
BRDA:145,8,0,0
BRDA:167,9,0,0
BRDA:167,9,1,0
BRDA:169,10,0,0
BRDA:169,10,1,0
BRDA:191,11,0,0
BRDA:191,11,1,0
BRDA:210,12,0,0
BRDA:210,12,1,0
BRF:25
BRH:0
end_of_record
TN:
SF:src/popup/components/suggested-tags.ts
FN:15,(anonymous_0)
FN:24,(anonymous_1)
FN:32,(anonymous_2)
FN:40,(anonymous_3)
FN:45,(anonymous_4)
FN:55,(anonymous_5)
FN:65,(anonymous_6)
FN:86,(anonymous_7)
FN:95,(anonymous_8)
FNF:9
FNH:0
FNDA:0,(anonymous_0)
FNDA:0,(anonymous_1)
FNDA:0,(anonymous_2)
FNDA:0,(anonymous_3)
FNDA:0,(anonymous_4)
FNDA:0,(anonymous_5)
FNDA:0,(anonymous_6)
FNDA:0,(anonymous_7)
FNDA:0,(anonymous_8)
DA:10,0
DA:13,0
DA:16,0
DA:17,0
DA:25,0
DA:26,0
DA:33,0
DA:34,0
DA:42,0
DA:45,0
DA:46,0
DA:47,0
DA:50,0
DA:52,0
DA:55,0
DA:56,0
DA:58,0
DA:67,0
DA:69,0
DA:70,0
DA:71,0
DA:74,0
DA:77,0
DA:78,0
DA:79,0
DA:80,0
DA:83,0
DA:84,0
DA:86,0
DA:87,0
DA:88,0
DA:89,0
DA:90,0
DA:95,0
DA:96,0
DA:97,0
DA:98,0
DA:101,0
DA:104,0
LF:39
LH:0
BRDA:45,0,0,0
BRDA:45,0,1,0
BRDA:69,1,0,0
BRDA:69,1,1,0
BRF:4
BRH:0
end_of_record
TN:
SF:src/popup/components/tag-autocomplete.ts
FN:20,(anonymous_0)
FN:40,(anonymous_1)
FN:53,(anonymous_2)
FN:60,(anonymous_3)
FN:61,(anonymous_4)
FN:67,(anonymous_5)
FN:78,(anonymous_6)
FN:87,(anonymous_7)
FN:102,(anonymous_8)
FN:103,(anonymous_9)
FN:104,(anonymous_10)
FN:105,(anonymous_11)
FN:108,(anonymous_12)
FN:116,(anonymous_13)
FN:125,(anonymous_14)
FN:131,(anonymous_15)
FN:163,(anonymous_16)
FN:179,(anonymous_17)
FN:202,(anonymous_18)
FN:203,(anonymous_19)
FN:211,(anonymous_20)
FN:212,(anonymous_21)
FN:216,(anonymous_22)
FN:220,(anonymous_23)
FN:225,(anonymous_24)
FN:227,(anonymous_25)
FN:237,(anonymous_26)
FN:244,(anonymous_27)
FN:246,(anonymous_28)
FN:259,(anonymous_29)
FN:270,(anonymous_30)
FN:277,(anonymous_31)
FN:282,(anonymous_32)
FN:286,(anonymous_33)
FN:295,(anonymous_34)
FN:297,(anonymous_35)
FN:305,(anonymous_36)
FNF:37
FNH:0
FNDA:0,(anonymous_0)
FNDA:0,(anonymous_1)
FNDA:0,(anonymous_2)
FNDA:0,(anonymous_3)
FNDA:0,(anonymous_4)
FNDA:0,(anonymous_5)
FNDA:0,(anonymous_6)
FNDA:0,(anonymous_7)
FNDA:0,(anonymous_8)
FNDA:0,(anonymous_9)
FNDA:0,(anonymous_10)
FNDA:0,(anonymous_11)
FNDA:0,(anonymous_12)
FNDA:0,(anonymous_13)
FNDA:0,(anonymous_14)
FNDA:0,(anonymous_15)
FNDA:0,(anonymous_16)
FNDA:0,(anonymous_17)
FNDA:0,(anonymous_18)
FNDA:0,(anonymous_19)
FNDA:0,(anonymous_20)
FNDA:0,(anonymous_21)
FNDA:0,(anonymous_22)
FNDA:0,(anonymous_23)
FNDA:0,(anonymous_24)
FNDA:0,(anonymous_25)
FNDA:0,(anonymous_26)
FNDA:0,(anonymous_27)
FNDA:0,(anonymous_28)
FNDA:0,(anonymous_29)
FNDA:0,(anonymous_30)
FNDA:0,(anonymous_31)
FNDA:0,(anonymous_32)
FNDA:0,(anonymous_33)
FNDA:0,(anonymous_34)
FNDA:0,(anonymous_35)
FNDA:0,(anonymous_36)
DA:2,0
DA:8,0
DA:13,0
DA:14,0
DA:15,0
DA:16,0
DA:17,0
DA:18,0
DA:25,0
DA:26,0
DA:27,0
DA:30,0
DA:31,0
DA:32,0
DA:34,0
DA:41,0
DA:42,0
DA:43,0
DA:44,0
DA:45,0
DA:46,0
DA:54,0
DA:61,0
DA:68,0
DA:69,0
DA:70,0
DA:71,0
DA:79,0
DA:82,0
DA:83,0
DA:87,0
DA:89,0
DA:91,0
DA:94,0
DA:98,0
DA:99,0
DA:103,0
DA:104,0
DA:105,0
DA:108,0
DA:109,0
DA:110,0
DA:111,0
DA:117,0
DA:118,0
DA:119,0
DA:121,0
DA:122,0
DA:126,0
DA:127,0
DA:128,0
DA:132,0
DA:133,0
DA:134,0
DA:136,0
DA:139,0
DA:141,0
DA:142,0
DA:143,0
DA:144,0
DA:145,0
DA:146,0
DA:147,0
DA:148,0
DA:149,0
DA:150,0
DA:151,0
DA:152,0
DA:153,0
DA:154,0
DA:156,0
DA:157,0
DA:158,0
DA:159,0
DA:164,0
DA:165,0
DA:166,0
DA:168,0
DA:169,0
DA:170,0
DA:172,0
DA:173,0
DA:175,0
DA:180,0
DA:181,0
DA:182,0
DA:183,0
DA:185,0
DA:186,0
DA:187,0
DA:188,0
DA:189,0
DA:190,0
DA:192,0
DA:193,0
DA:195,0
DA:196,0
DA:197,0
DA:198,0
DA:203,0
DA:204,0
DA:205,0
DA:207,0
DA:208,0
DA:212,0
DA:213,0
DA:217,0
DA:221,0
DA:222,0
DA:226,0
DA:227,0
DA:228,0
DA:229,0
DA:230,0
DA:232,0
DA:238,0
DA:239,0
DA:240,0
DA:243,0
DA:244,0
DA:245,0
DA:246,0
DA:249,0
DA:251,0
DA:252,0
DA:253,0
DA:259,0
DA:260,0
DA:261,0
DA:262,0
DA:265,0
DA:267,0
DA:270,0
DA:271,0
DA:272,0
DA:273,0
DA:277,0
DA:278,0
DA:282,0
DA:283,0
DA:284,0
DA:285,0
DA:286,0
DA:287,0
DA:290,0
DA:291,0
DA:296,0
DA:297,0
DA:298,0
DA:299,0
DA:300,0
DA:305,0
DA:306,0
LF:153
LH:0
BRDA:41,0,0,0
BRDA:41,0,1,0
BRDA:79,1,0,0
BRDA:79,1,1,0
BRDA:79,2,0,0
BRDA:79,2,1,0
BRDA:82,3,0,0
BRDA:82,3,1,0
BRDA:89,4,0,0
BRDA:89,4,1,0
BRDA:110,5,0,0
BRDA:110,5,1,0
BRDA:110,6,0,0
BRDA:110,6,1,0
BRDA:117,7,0,0
BRDA:117,7,1,0
BRDA:118,8,0,0
BRDA:118,8,1,0
BRDA:132,9,0,0
BRDA:132,9,1,0
BRDA:133,10,0,0
BRDA:133,10,1,0
BRDA:141,11,0,0
BRDA:141,11,1,0
BRDA:145,12,0,0
BRDA:145,12,1,0
BRDA:149,13,0,0
BRDA:149,13,1,0
BRDA:151,14,0,0
BRDA:151,14,1,0
BRDA:153,15,0,0
BRDA:153,15,1,0
BRDA:156,16,0,0
BRDA:156,16,1,0
BRDA:158,17,0,0
BRDA:158,17,1,0
BRDA:158,18,0,0
BRDA:158,18,1,0
BRDA:158,18,2,0
BRDA:163,19,0,0
BRDA:164,20,0,0
BRDA:164,20,1,0
BRDA:173,21,0,0
BRDA:173,21,1,0
BRDA:180,22,0,0
BRDA:180,22,1,0
BRDA:180,23,0,0
BRDA:180,23,1,0
BRDA:203,24,0,0
BRDA:203,24,1,0
BRDA:228,25,0,0
BRDA:228,25,1,0
BRDA:238,26,0,0
BRDA:238,26,1,0
BRDA:238,27,0,0
BRDA:238,27,1,0
BRDA:245,28,0,0
BRDA:245,28,1,0
BRDA:251,29,0,0
BRDA:251,29,1,0
BRDA:251,30,0,0
BRDA:251,30,1,0
BRDA:252,31,0,0
BRDA:252,31,1,0
BRDA:252,32,0,0
BRDA:252,32,1,0
BRDA:274,33,0,0
BRDA:274,33,1,0
BRDA:282,34,0,0
BRDA:282,34,1,0
BRDA:282,35,0,0
BRDA:282,35,1,0
BRDA:290,36,0,0
BRDA:290,36,1,0
BRDA:301,37,0,0
BRDA:301,37,1,0
BRF:76
BRH:0
end_of_record
